2023-04-12 17:45:21,232 [Worker-2: Loading available Gradle versions] INFO  o.e.b.c.i.u.g.PublishedGradleVersions - Gradle version information cache is up-to-date. Trying to read.
2023-04-15 17:30:34,767 [Worker-0: Loading available Gradle versions] INFO  o.e.b.c.i.u.g.PublishedGradleVersions - Gradle version information cache is out-of-date. Trying to update.
2023-04-15 17:47:03,520 [Worker-0: Loading available Gradle versions] INFO  o.e.b.c.i.u.g.PublishedGradleVersions - Gradle version information cache is up-to-date. Trying to read.
2023-04-15 17:47:15,659 [Worker-2: Updating Maven Dependencies] INFO  o.e.m.c.i.l.LifecycleMappingFactory - Using org.maven.ide.eclipse.wtp.WarLifecycleMapping lifecycle mapping for MavenProject: com.lorrained.thoughts_confessions:thoughts_confessions:0.0.1-SNAPSHOT @ C:\Users\rubyr\OneDrive\Coding Dojo\Java\SpringProjects\thoughts_confessions\pom.xml.
2023-04-15 17:52:53,632 [Worker-9: Launching thoughts_confessions - ThoughtsConfessionsApplication] INFO  o.e.m.c.i.embedder.EclipseLogger - Using 'UTF-8' encoding to copy filtered resources.
2023-04-15 17:52:53,632 [Worker-9: Launching thoughts_confessions - ThoughtsConfessionsApplication] INFO  o.e.m.c.i.embedder.EclipseLogger - Using 'UTF-8' encoding to copy filtered properties files.
2023-04-15 17:52:53,641 [Worker-9: Launching thoughts_confessions - ThoughtsConfessionsApplication] INFO  o.e.m.c.i.embedder.EclipseLogger - Copying 1 resource
2023-04-15 17:52:53,674 [Worker-9: Launching thoughts_confessions - ThoughtsConfessionsApplication] INFO  o.e.m.c.i.embedder.EclipseLogger - Copying 1 resource
2023-04-15 17:52:53,695 [Worker-9: Launching thoughts_confessions - ThoughtsConfessionsApplication] INFO  o.e.m.c.i.embedder.EclipseLogger - Using 'UTF-8' encoding to copy filtered resources.
2023-04-15 17:52:53,695 [Worker-9: Launching thoughts_confessions - ThoughtsConfessionsApplication] INFO  o.e.m.c.i.embedder.EclipseLogger - Using 'UTF-8' encoding to copy filtered properties files.
2023-04-15 17:52:53,696 [Worker-9: Launching thoughts_confessions - ThoughtsConfessionsApplication] INFO  o.e.m.c.i.embedder.EclipseLogger - skip non existing resourceDirectory C:\Users\rubyr\OneDrive\Coding Dojo\Java\SpringProjects\thoughts_confessions\src\test\resources
2023-04-15 17:57:51,029 [Worker-6: Loading available Gradle versions] INFO  o.e.b.c.i.u.g.PublishedGradleVersions - Gradle version information cache is up-to-date. Trying to read.
2023-04-15 18:16:34,452 [Worker-0: Loading available Gradle versions] INFO  o.e.b.c.i.u.g.PublishedGradleVersions - Gradle version information cache is up-to-date. Trying to read.
2023-04-15 18:23:54,863 [Worker-1: Loading available Gradle versions] INFO  o.e.b.c.i.u.g.PublishedGradleVersions - Gradle version information cache is up-to-date. Trying to read.
2023-04-25 20:24:52,099 [Worker-1: Loading available Gradle versions] INFO  o.e.b.c.i.u.g.PublishedGradleVersions - Gradle version information cache is out-of-date. Trying to update.
2023-04-25 20:25:25,715 [Worker-9: Updating Maven Dependencies] INFO  o.e.m.c.i.l.LifecycleMappingFactory - Using org.maven.ide.eclipse.wtp.WarLifecycleMapping lifecycle mapping for MavenProject: com.johnp:javatest:0.0.1-SNAPSHOT @ C:\Users\rubyr\Desktop\musicfest\pom.xml.
2023-04-25 20:31:54,574 [Worker-4: Launching musicfest - MusicfestApplication] INFO  o.e.m.c.i.embedder.EclipseLogger - Using 'UTF-8' encoding to copy filtered resources.
2023-04-25 20:31:54,575 [Worker-4: Launching musicfest - MusicfestApplication] INFO  o.e.m.c.i.embedder.EclipseLogger - Using 'UTF-8' encoding to copy filtered properties files.
2023-04-25 20:31:54,586 [Worker-4: Launching musicfest - MusicfestApplication] INFO  o.e.m.c.i.embedder.EclipseLogger - Copying 1 resource
2023-04-25 20:31:54,663 [Worker-4: Launching musicfest - MusicfestApplication] INFO  o.e.m.c.i.embedder.EclipseLogger - Copying 1 resource
2023-04-25 20:31:54,714 [Worker-4: Launching musicfest - MusicfestApplication] INFO  o.e.m.c.i.embedder.EclipseLogger - Using 'UTF-8' encoding to copy filtered resources.
2023-04-25 20:31:54,714 [Worker-4: Launching musicfest - MusicfestApplication] INFO  o.e.m.c.i.embedder.EclipseLogger - Using 'UTF-8' encoding to copy filtered properties files.
2023-04-25 20:31:54,715 [Worker-4: Launching musicfest - MusicfestApplication] INFO  o.e.m.c.i.embedder.EclipseLogger - skip non existing resourceDirectory C:\Users\rubyr\Desktop\musicfest\src\test\resources
2023-04-25 20:36:01,558 [Worker-18: Launching musicfest - MusicfestApplication] INFO  o.e.m.c.i.embedder.EclipseLogger - Using 'UTF-8' encoding to copy filtered resources.
2023-04-25 20:36:01,558 [Worker-18: Launching musicfest - MusicfestApplication] INFO  o.e.m.c.i.embedder.EclipseLogger - Using 'UTF-8' encoding to copy filtered properties files.
2023-04-25 20:36:01,562 [Worker-18: Launching musicfest - MusicfestApplication] INFO  o.e.m.c.i.embedder.EclipseLogger - Copying 1 resource
2023-04-25 20:36:01,589 [Worker-18: Launching musicfest - MusicfestApplication] INFO  o.e.m.c.i.embedder.EclipseLogger - Copying 0 resource
2023-04-25 20:36:01,598 [Worker-18: Launching musicfest - MusicfestApplication] INFO  o.e.m.c.i.embedder.EclipseLogger - Using 'UTF-8' encoding to copy filtered resources.
2023-04-25 20:36:01,598 [Worker-18: Launching musicfest - MusicfestApplication] INFO  o.e.m.c.i.embedder.EclipseLogger - Using 'UTF-8' encoding to copy filtered properties files.
2023-04-25 20:36:01,598 [Worker-18: Launching musicfest - MusicfestApplication] INFO  o.e.m.c.i.embedder.EclipseLogger - skip non existing resourceDirectory C:\Users\rubyr\Desktop\musicfest\src\test\resources
2023-04-25 20:42:00,764 [Worker-16: Launching musicfest - MusicfestApplication] INFO  o.e.m.c.i.embedder.EclipseLogger - Using 'UTF-8' encoding to copy filtered resources.
2023-04-25 20:42:00,764 [Worker-16: Launching musicfest - MusicfestApplication] INFO  o.e.m.c.i.embedder.EclipseLogger - Using 'UTF-8' encoding to copy filtered properties files.
2023-04-25 20:42:00,770 [Worker-16: Launching musicfest - MusicfestApplication] INFO  o.e.m.c.i.embedder.EclipseLogger - Copying 1 resource
2023-04-25 20:42:00,910 [Worker-16: Launching musicfest - MusicfestApplication] INFO  o.e.m.c.i.embedder.EclipseLogger - Copying 1 resource
2023-04-25 20:42:00,922 [Worker-16: Launching musicfest - MusicfestApplication] INFO  o.e.m.c.i.embedder.EclipseLogger - Using 'UTF-8' encoding to copy filtered resources.
2023-04-25 20:42:00,922 [Worker-16: Launching musicfest - MusicfestApplication] INFO  o.e.m.c.i.embedder.EclipseLogger - Using 'UTF-8' encoding to copy filtered properties files.
2023-04-25 20:42:00,922 [Worker-16: Launching musicfest - MusicfestApplication] INFO  o.e.m.c.i.embedder.EclipseLogger - skip non existing resourceDirectory C:\Users\rubyr\Desktop\musicfest\src\test\resources
2023-04-25 20:42:51,637 [Worker-16: Launching musicfest - MusicfestApplication] INFO  o.e.m.c.i.embedder.EclipseLogger - Using 'UTF-8' encoding to copy filtered resources.
2023-04-25 20:42:51,639 [Worker-16: Launching musicfest - MusicfestApplication] INFO  o.e.m.c.i.embedder.EclipseLogger - Using 'UTF-8' encoding to copy filtered properties files.
2023-04-25 20:42:51,643 [Worker-16: Launching musicfest - MusicfestApplication] INFO  o.e.m.c.i.embedder.EclipseLogger - Copying 1 resource
2023-04-25 20:42:51,656 [Worker-16: Launching musicfest - MusicfestApplication] INFO  o.e.m.c.i.embedder.EclipseLogger - Copying 1 resource
2023-04-25 20:42:51,663 [Worker-16: Launching musicfest - MusicfestApplication] INFO  o.e.m.c.i.embedder.EclipseLogger - Using 'UTF-8' encoding to copy filtered resources.
2023-04-25 20:42:51,664 [Worker-16: Launching musicfest - MusicfestApplication] INFO  o.e.m.c.i.embedder.EclipseLogger - Using 'UTF-8' encoding to copy filtered properties files.
2023-04-25 20:42:51,664 [Worker-16: Launching musicfest - MusicfestApplication] INFO  o.e.m.c.i.embedder.EclipseLogger - skip non existing resourceDirectory C:\Users\rubyr\Desktop\musicfest\src\test\resources
2023-04-25 20:45:05,694 [Worker-29: Launching musicfest - MusicfestApplication] INFO  o.e.m.c.i.embedder.EclipseLogger - Using 'UTF-8' encoding to copy filtered resources.
2023-04-25 20:45:05,695 [Worker-29: Launching musicfest - MusicfestApplication] INFO  o.e.m.c.i.embedder.EclipseLogger - Using 'UTF-8' encoding to copy filtered properties files.
2023-04-25 20:45:05,745 [Worker-29: Launching musicfest - MusicfestApplication] INFO  o.e.m.c.i.embedder.EclipseLogger - Copying 0 resource
2023-04-25 20:45:05,746 [Worker-29: Launching musicfest - MusicfestApplication] INFO  o.e.m.c.i.embedder.EclipseLogger - Copying 0 resource
2023-04-25 20:45:05,754 [Worker-29: Launching musicfest - MusicfestApplication] INFO  o.e.m.c.i.embedder.EclipseLogger - Using 'UTF-8' encoding to copy filtered resources.
2023-04-25 20:45:05,755 [Worker-29: Launching musicfest - MusicfestApplication] INFO  o.e.m.c.i.embedder.EclipseLogger - Using 'UTF-8' encoding to copy filtered properties files.
2023-04-25 20:45:05,756 [Worker-29: Launching musicfest - MusicfestApplication] INFO  o.e.m.c.i.embedder.EclipseLogger - skip non existing resourceDirectory C:\Users\rubyr\Desktop\musicfest\src\test\resources
