!SESSION 2023-03-01 18:09:39.199 -----------------------------------------------
eclipse.buildId=4.17.2.202301310704
java.version=19.0.1
java.vendor=Eclipse Adoptium
BootLoader constants: OS=win32, ARCH=x86_64, WS=win32, NL=en_US
Framework arguments:  -product org.springframework.boot.ide.branding.sts4
Command-line arguments:  -os win32 -ws win32 -arch x86_64 -product org.springframework.boot.ide.branding.sts4

!ENTRY ch.qos.logback.classic 1 0 2023-03-01 18:09:40.167
!MESSAGE Activated before the state location was initialized. Retry after the state location is initialized.

!ENTRY ch.qos.logback.classic 1 0 2023-03-01 18:09:41.099
!MESSAGE Logback config file: C:\Users\rubyr\OneDrive\Coding Dojo\Java\SpringProjects\.metadata\.plugins\org.eclipse.m2e.logback\logback.2.1.0.20221015-0744.xml

!ENTRY org.eclipse.jface 2 0 2023-03-01 18:09:42.552
!MESSAGE Keybinding conflicts occurred.  They may interfere with normal accelerator operation.
!SUBENTRY 1 org.eclipse.jface 2 0 2023-03-01 18:09:42.552
!MESSAGE A conflict occurred for CTRL+SHIFT+T:
Binding(CTRL+SHIFT+T,
	ParameterizedCommand(Command(org.eclipse.jdt.ui.navigate.open.type,Open Type,
		Open a type in a Java editor,
		Category(org.eclipse.ui.category.navigate,Navigate,null,true),
		WorkbenchHandlerServiceHandler("org.eclipse.jdt.ui.navigate.open.type"),
		,,true),null),
	org.eclipse.ui.defaultAcceleratorConfiguration,
	org.eclipse.ui.contexts.window,,,system)
Binding(CTRL+SHIFT+T,
	ParameterizedCommand(Command(org.eclipse.lsp4e.symbolinworkspace,Go to Symbol in Workspace,
		,
		Category(org.eclipse.lsp4e.category,Language Servers,null,true),
		WorkbenchHandlerServiceHandler("org.eclipse.lsp4e.symbolinworkspace"),
		,,true),null),
	org.eclipse.ui.defaultAcceleratorConfiguration,
	org.eclipse.ui.contexts.window,,,system)
!SUBENTRY 1 org.eclipse.jface 2 0 2023-03-01 18:09:42.552
!MESSAGE A conflict occurred for ALT+SHIFT+R:
Binding(ALT+SHIFT+R,
	ParameterizedCommand(Command(org.eclipse.jdt.ui.edit.text.java.rename.element,Rename - Refactoring ,
		Rename the selected element,
		Category(org.eclipse.jdt.ui.category.refactoring,Refactor - Java,Java Refactoring Actions,true),
		WorkbenchHandlerServiceHandler("org.eclipse.jdt.ui.edit.text.java.rename.element"),
		,,true),null),
	org.eclipse.ui.defaultAcceleratorConfiguration,
	org.eclipse.ui.contexts.window,,,system)
Binding(ALT+SHIFT+R,
	ParameterizedCommand(Command(org.eclipse.ui.edit.rename,Rename,
		Rename the selected item,
		Category(org.eclipse.ui.category.file,File,null,true),
		WorkbenchHandlerServiceHandler("org.eclipse.ui.edit.rename"),
		,,true),null),
	org.eclipse.ui.defaultAcceleratorConfiguration,
	org.eclipse.ui.contexts.window,,,system)

!ENTRY org.eclipse.egit.ui 2 0 2023-03-01 18:09:47.171
!MESSAGE Warning: The environment variable HOME is not set. The following directory will be used to store the Git
user global configuration and to define the default location to store repositories: 'C:\Users\rubyr'. If this is
not correct please set the HOME environment variable and restart Eclipse. Otherwise Git for Windows and
EGit might behave differently since they see different configuration options.
This warning can be switched off on the Team > Git > Confirmations and Warnings preference page.

!ENTRY org.eclipse.lsp4e 2 0 2023-03-01 18:09:49.123
!MESSAGE Could not get hover region due to timeout after 1000 miliseconds
!STACK 0
java.util.concurrent.TimeoutException
	at java.base/java.util.concurrent.CompletableFuture.timedGet(CompletableFuture.java:1960)
	at java.base/java.util.concurrent.CompletableFuture.get(CompletableFuture.java:2095)
	at org.eclipse.lsp4e.operations.hover.LSPTextHover.getHoverRegion(LSPTextHover.java:155)
	at org.eclipse.ui.internal.genericeditor.hover.CompositeTextHover.getHoverRegion(CompositeTextHover.java:101)
	at org.eclipse.jface.text.TextViewerHoverManager.computeInformation(TextViewerHoverManager.java:128)
	at org.eclipse.jface.text.AbstractInformationControlManager.doShowInformation(AbstractInformationControlManager.java:1101)
	at org.eclipse.jface.text.AbstractHoverInformationControlManager$MouseTracker.mouseHover(AbstractHoverInformationControlManager.java:511)
	at org.eclipse.swt.widgets.TypedListener.handleEvent(TypedListener.java:212)
	at org.eclipse.swt.widgets.EventTable.sendEvent(EventTable.java:89)
	at org.eclipse.swt.widgets.Display.sendEvent(Display.java:4256)
	at org.eclipse.swt.widgets.Widget.sendEvent(Widget.java:1066)
	at org.eclipse.swt.widgets.Display.runDeferredEvents(Display.java:4054)
	at org.eclipse.swt.widgets.Display.readAndDispatch(Display.java:3642)
	at org.eclipse.e4.ui.internal.workbench.swt.PartRenderingEngine$5.run(PartRenderingEngine.java:1155)
	at org.eclipse.core.databinding.observable.Realm.runWithDefault(Realm.java:338)
	at org.eclipse.e4.ui.internal.workbench.swt.PartRenderingEngine.run(PartRenderingEngine.java:1046)
	at org.eclipse.e4.ui.internal.workbench.E4Workbench.createAndRunUI(E4Workbench.java:155)
	at org.eclipse.ui.internal.Workbench.lambda$3(Workbench.java:643)
	at org.eclipse.core.databinding.observable.Realm.runWithDefault(Realm.java:338)
	at org.eclipse.ui.internal.Workbench.createAndRunWorkbench(Workbench.java:550)
	at org.eclipse.ui.PlatformUI.createAndRunWorkbench(PlatformUI.java:171)
	at org.eclipse.ui.internal.ide.application.IDEApplication.start(IDEApplication.java:152)
	at org.eclipse.equinox.internal.app.EclipseAppHandle.run(EclipseAppHandle.java:203)
	at org.eclipse.core.runtime.internal.adaptor.EclipseAppLauncher.runApplication(EclipseAppLauncher.java:136)
	at org.eclipse.core.runtime.internal.adaptor.EclipseAppLauncher.start(EclipseAppLauncher.java:104)
	at org.eclipse.core.runtime.adaptor.EclipseStarter.run(EclipseStarter.java:402)
	at org.eclipse.core.runtime.adaptor.EclipseStarter.run(EclipseStarter.java:255)
	at java.base/jdk.internal.reflect.DirectMethodHandleAccessor.invoke(DirectMethodHandleAccessor.java:104)
	at java.base/java.lang.reflect.Method.invoke(Method.java:578)
	at org.eclipse.equinox.launcher.Main.invokeFramework(Main.java:659)
	at org.eclipse.equinox.launcher.Main.basicRun(Main.java:596)
	at org.eclipse.equinox.launcher.Main.run(Main.java:1467)

!ENTRY org.eclipse.ui 2 2 2023-03-01 18:09:59.061
!MESSAGE Invalid property category path: org.springframework.ide.eclipse.beans.ui.properties.ProjectPropertyPage (bundle: org.springframework.ide.eclipse.xml.namespaces, propertyPage: org.springframework.ide.eclipse.beans.ui.namespaces.projectPropertyPage)

!ENTRY org.eclipse.jface 2 0 2023-03-01 18:10:39.435
!MESSAGE Keybinding conflicts occurred.  They may interfere with normal accelerator operation.
!SUBENTRY 1 org.eclipse.jface 2 0 2023-03-01 18:10:39.435
!MESSAGE A conflict occurred for CTRL+SHIFT+C:
Binding(CTRL+SHIFT+C,
	ParameterizedCommand(Command(org.eclipse.tm4e.languageconfiguration.toggleLineCommentCommand,Toggle Line Comment,
		,
		Category(org.eclipse.tm4e.languageconfiguration.category,TM4E Language Configuration,null,true),
		WorkbenchHandlerServiceHandler("org.eclipse.tm4e.languageconfiguration.toggleLineCommentCommand"),
		,,true),null),
	org.eclipse.ui.defaultAcceleratorConfiguration,
	org.eclipse.ui.textEditorScope,,,system)
Binding(CTRL+SHIFT+C,
	ParameterizedCommand(Command(org.springframework.tooling.boot.ls.ToggleComment,Toggle Comment,
		,
		Category(org.springframework.ide.eclipse.commands,Spring Generic Text Editor,Spring Language Server Commands,true),
		WorkbenchHandlerServiceHandler("org.springframework.tooling.boot.ls.ToggleComment"),
		,,true),null),
	org.eclipse.ui.defaultAcceleratorConfiguration,
	org.eclipse.ui.textEditorScope,,,system)
!SUBENTRY 1 org.eclipse.jface 2 0 2023-03-01 18:10:39.435
!MESSAGE A conflict occurred for CTRL+SHIFT+/:
Binding(CTRL+SHIFT+/,
	ParameterizedCommand(Command(io.emmet.eclipse.commands.toggle_comment,Toggle Comment,
		,
		Category(io.emmet.eclipse.commands.category,Emmet,null,true),
		WorkbenchHandlerServiceHandler("io.emmet.eclipse.commands.toggle_comment"),
		,,true),null),
	org.eclipse.ui.defaultAcceleratorConfiguration,
	org.eclipse.ui.textEditorScope,,,system)
Binding(CTRL+SHIFT+/,
	ParameterizedCommand(Command(org.eclipse.tm4e.languageconfiguration.addBlockCommentCommand,Add Block Comment,
		,
		Category(org.eclipse.tm4e.languageconfiguration.category,TM4E Language Configuration,null,true),
		WorkbenchHandlerServiceHandler("org.eclipse.tm4e.languageconfiguration.addBlockCommentCommand"),
		,,true),null),
	org.eclipse.ui.defaultAcceleratorConfiguration,
	org.eclipse.ui.textEditorScope,,,system)
!SUBENTRY 1 org.eclipse.jface 2 0 2023-03-01 18:10:39.435
!MESSAGE A conflict occurred for CTRL+D:
Binding(CTRL+D,
	ParameterizedCommand(Command(org.eclipse.ui.edit.text.delete.line,Delete Line,
		Delete a line of text,
		Category(org.eclipse.ui.category.textEditor,Text Editing,Text Editing Commands,true),
		WorkbenchHandlerServiceHandler("org.eclipse.ui.edit.text.delete.line"),
		,,true),null),
	org.eclipse.ui.defaultAcceleratorConfiguration,
	org.eclipse.ui.textEditorScope,,,system)
Binding(CTRL+D,
	ParameterizedCommand(Command(io.emmet.eclipse.commands.match_pair_outward,Match Pair Outward,
		,
		Category(io.emmet.eclipse.commands.category,Emmet,null,true),
		WorkbenchHandlerServiceHandler("io.emmet.eclipse.commands.match_pair_outward"),
		,,true),null),
	org.eclipse.ui.defaultAcceleratorConfiguration,
	org.eclipse.ui.textEditorScope,,,system)

!ENTRY org.eclipse.equinox.p2.repository 2 0 2023-03-01 18:11:00.622
!MESSAGE Using unsafe http transport to retrieve http://download.eclipse.org/technology/m2e/releases/, see CVE-2021-41033. Consider using https instead.

!ENTRY org.eclipse.equinox.p2.repository 2 0 2023-03-01 18:11:00.875
!MESSAGE Using unsafe http transport to retrieve http://download.eclipse.org/technology/m2e/releases/content.xml.xz, see CVE-2021-41033. Consider using https instead.

!ENTRY org.eclipse.equinox.p2.repository 2 0 2023-03-01 18:11:01.062
!MESSAGE Using unsafe http transport to retrieve http://download.eclipse.org/technology/m2e/releases/, see CVE-2021-41033. Consider using https instead.

!ENTRY org.eclipse.equinox.p2.repository 2 0 2023-03-01 18:11:04.626
!MESSAGE Using unsafe http transport to retrieve http://download.oracle.com/otn_software/oepe/12.2.1.9/photon/repository/dependencies/, see CVE-2021-41033. Consider using https instead.

!ENTRY org.eclipse.equinox.p2.repository 2 0 2023-03-01 18:11:38.136
!MESSAGE Using unsafe http transport to retrieve http://download.eclipse.org/usssdk/updates, see CVE-2021-41033. Consider using https instead.

!ENTRY org.eclipse.equinox.p2.repository 2 0 2023-03-01 18:11:38.390
!MESSAGE Using unsafe http transport to retrieve http://download.eclipse.org/usssdk/updates/release, see CVE-2021-41033. Consider using https instead.

!ENTRY org.eclipse.equinox.p2.repository 2 0 2023-03-01 18:11:38.621
!MESSAGE Using unsafe http transport to retrieve http://download.eclipse.org/usssdk/drops/release/1.2.2/content.xml.xz, see CVE-2021-41033. Consider using https instead.

!ENTRY org.eclipse.equinox.p2.repository 2 0 2023-03-01 18:11:38.867
!MESSAGE Using unsafe http transport to retrieve http://download.eclipse.org/usssdk/drops/release/1.2.1, see CVE-2021-41033. Consider using https instead.

!ENTRY org.eclipse.equinox.p2.repository 2 0 2023-03-01 18:11:39.349
!MESSAGE Using unsafe http transport to retrieve http://download.eclipse.org/usssdk/drops/release/1.2.0, see CVE-2021-41033. Consider using https instead.

!ENTRY org.eclipse.equinox.p2.repository 2 0 2023-03-01 18:11:39.588
!MESSAGE Using unsafe http transport to retrieve http://download.eclipse.org/usssdk/drops/release/1.1.0, see CVE-2021-41033. Consider using https instead.

!ENTRY org.eclipse.equinox.p2.repository 2 0 2023-03-01 18:11:39.814
!MESSAGE Using unsafe http transport to retrieve http://download.eclipse.org/usssdk/updates/milestone, see CVE-2021-41033. Consider using https instead.

!ENTRY org.eclipse.equinox.p2.repository 2 0 2023-03-01 18:11:40.308
!MESSAGE Using unsafe http transport to retrieve http://download.eclipse.org/usssdk/drops/milestone/S911-1.2-RC1, see CVE-2021-41033. Consider using https instead.

!ENTRY org.eclipse.equinox.p2.repository 2 0 2023-03-01 18:11:40.537
!MESSAGE Using unsafe http transport to retrieve http://download.eclipse.org/usssdk/drops/milestone/S909-1.2-RC1, see CVE-2021-41033. Consider using https instead.

!ENTRY org.eclipse.equinox.p2.repository 2 0 2023-03-01 18:11:40.773
!MESSAGE Using unsafe http transport to retrieve http://download.eclipse.org/usssdk/drops/milestone/S908-1.2-RC1, see CVE-2021-41033. Consider using https instead.

!ENTRY org.eclipse.equinox.p2.repository 2 0 2023-03-01 18:11:41.024
!MESSAGE Using unsafe http transport to retrieve http://download.eclipse.org/usssdk/drops/milestone/S20210519-025928-1.2.2-M1/content.xml.xz, see CVE-2021-41033. Consider using https instead.

!ENTRY org.eclipse.equinox.p2.repository 2 0 2023-03-01 18:11:41.513
!MESSAGE Using unsafe http transport to retrieve http://download.eclipse.org/usssdk/drops/milestone/S20210406-153234/content.xml.xz, see CVE-2021-41033. Consider using https instead.

!ENTRY org.eclipse.equinox.p2.repository 2 0 2023-03-01 18:11:41.765
!MESSAGE Using unsafe http transport to retrieve http://download.eclipse.org/usssdk/drops/milestone/S20191129-202804-1.2.1-RC2, see CVE-2021-41033. Consider using https instead.

!ENTRY org.eclipse.equinox.p2.repository 2 0 2023-03-01 18:11:42.012
!MESSAGE Using unsafe http transport to retrieve http://download.eclipse.org/usssdk/drops/milestone/S20191118-183434-1.2.1-RC1, see CVE-2021-41033. Consider using https instead.

!ENTRY org.eclipse.equinox.p2.repository 2 0 2023-03-01 18:11:42.494
!MESSAGE Using unsafe http transport to retrieve http://download.eclipse.org/usssdk/drops/milestone/S20170529-101518-1.1-RC2, see CVE-2021-41033. Consider using https instead.

!ENTRY org.eclipse.equinox.p2.repository 2 0 2023-03-01 18:11:42.728
!MESSAGE Using unsafe http transport to retrieve http://download.eclipse.org/usssdk/drops/milestone/S20170525-115740-1.1-RC2, see CVE-2021-41033. Consider using https instead.

!ENTRY org.eclipse.equinox.p2.repository 2 0 2023-03-01 18:11:42.980
!MESSAGE Using unsafe http transport to retrieve http://download.eclipse.org/usssdk/drops/milestone/S20170523-143239-1.1-RC1, see CVE-2021-41033. Consider using https instead.

!ENTRY org.eclipse.equinox.p2.repository 2 0 2023-03-01 18:11:43.216
!MESSAGE Using unsafe http transport to retrieve http://download.eclipse.org/usssdk/drops/milestone/S20170516-113326-1.1-M7, see CVE-2021-41033. Consider using https instead.

!ENTRY org.eclipse.equinox.p2.repository 2 0 2023-03-01 18:11:43.702
!MESSAGE Using unsafe http transport to retrieve http://download.eclipse.org/usssdk/updates/nightly, see CVE-2021-41033. Consider using https instead.

!ENTRY org.eclipse.equinox.p2.repository 2 0 2023-03-01 18:11:43.933
!MESSAGE Using unsafe http transport to retrieve http://download.eclipse.org/usssdk/drops/nightly/N20230301-044150/content.xml.xz, see CVE-2021-41033. Consider using https instead.

!ENTRY org.eclipse.equinox.p2.repository 2 0 2023-03-01 18:11:44.202
!MESSAGE Using unsafe http transport to retrieve http://download.eclipse.org/usssdk/drops/nightly/N20230228-044210/content.xml.xz, see CVE-2021-41033. Consider using https instead.

!ENTRY org.eclipse.equinox.p2.repository 2 0 2023-03-01 18:11:44.684
!MESSAGE Using unsafe http transport to retrieve http://download.eclipse.org/usssdk/drops/nightly/N20230227-044123/content.xml.xz, see CVE-2021-41033. Consider using https instead.

!ENTRY org.eclipse.equinox.p2.repository 2 0 2023-03-01 18:11:44.928
!MESSAGE Using unsafe http transport to retrieve http://download.eclipse.org/usssdk/drops/nightly/N20230226-044200/content.xml.xz, see CVE-2021-41033. Consider using https instead.

!ENTRY org.eclipse.equinox.p2.repository 2 0 2023-03-01 18:11:45.169
!MESSAGE Using unsafe http transport to retrieve http://download.eclipse.org/usssdk/drops/nightly/N20230225-044210/content.xml.xz, see CVE-2021-41033. Consider using https instead.

!ENTRY org.eclipse.equinox.p2.repository 2 0 2023-03-01 18:11:45.604
!MESSAGE Using unsafe http transport to retrieve http://testng.org/testng-p2-update-site/, see CVE-2021-41033. Consider using https instead.

!ENTRY org.eclipse.equinox.p2.repository 2 0 2023-03-01 18:11:45.776
!MESSAGE Using unsafe http transport to retrieve http://testng.org/testng-p2-update-site/6.11.0, see CVE-2021-41033. Consider using https instead.

!ENTRY org.eclipse.equinox.p2.repository 2 0 2023-03-01 18:11:45.931
!MESSAGE Using unsafe http transport to retrieve http://testng.org/testng-p2-update-site/updatesites/6.11.0.r201704240320, see CVE-2021-41033. Consider using https instead.

!ENTRY org.eclipse.equinox.p2.repository 2 0 2023-03-01 18:11:46.064
!MESSAGE Using unsafe http transport to retrieve http://testng.org/testng-p2-update-site/6.12.0, see CVE-2021-41033. Consider using https instead.

!ENTRY org.eclipse.equinox.p2.repository 2 0 2023-03-01 18:11:46.243
!MESSAGE Using unsafe http transport to retrieve http://testng.org/testng-p2-update-site/updatesites/6.12.0.r201709030044, see CVE-2021-41033. Consider using https instead.

!ENTRY org.eclipse.equinox.p2.repository 2 0 2023-03-01 18:11:46.339
!MESSAGE Using unsafe http transport to retrieve http://testng.org/testng-p2-update-site/6.13.1, see CVE-2021-41033. Consider using https instead.

!ENTRY org.eclipse.equinox.p2.repository 2 0 2023-03-01 18:11:46.502
!MESSAGE Using unsafe http transport to retrieve http://testng.org/testng-p2-update-site/updatesites/6.13.1.r201712040202, see CVE-2021-41033. Consider using https instead.

!ENTRY org.eclipse.equinox.p2.repository 2 0 2023-03-01 18:11:46.633
!MESSAGE Using unsafe http transport to retrieve http://testng.org/testng-p2-update-site/updatesites/6.13.1.r201712040515, see CVE-2021-41033. Consider using https instead.

!ENTRY org.eclipse.equinox.p2.repository 2 0 2023-03-01 18:11:46.710
!MESSAGE Using unsafe http transport to retrieve http://testng.org/testng-p2-update-site/6.14.2, see CVE-2021-41033. Consider using https instead.

!ENTRY org.eclipse.equinox.p2.repository 2 0 2023-03-01 18:11:46.846
!MESSAGE Using unsafe http transport to retrieve http://testng.org/testng-p2-update-site/updatesites/6.14.2.r201802161450, see CVE-2021-41033. Consider using https instead.

!ENTRY org.eclipse.equinox.p2.repository 2 0 2023-03-01 18:11:46.939
!MESSAGE Using unsafe http transport to retrieve http://testng.org/testng-p2-update-site/6.14.3, see CVE-2021-41033. Consider using https instead.

!ENTRY org.eclipse.equinox.p2.repository 2 0 2023-03-01 18:11:47.078
!MESSAGE Using unsafe http transport to retrieve http://testng.org/testng-p2-update-site/updatesites/6.14.3.r201802240500, see CVE-2021-41033. Consider using https instead.

!ENTRY org.eclipse.equinox.p2.repository 2 0 2023-03-01 18:11:47.181
!MESSAGE Using unsafe http transport to retrieve http://testng.org/testng-p2-update-site/7.0.0, see CVE-2021-41033. Consider using https instead.

!ENTRY org.eclipse.equinox.p2.repository 2 0 2023-03-01 18:11:47.286
!MESSAGE Using unsafe http transport to retrieve http://testng.org/testng-p2-update-site/updatesites/7.0.0.r201908191551, see CVE-2021-41033. Consider using https instead.

!ENTRY org.eclipse.equinox.p2.repository 2 0 2023-03-01 18:11:47.375
!MESSAGE Using unsafe http transport to retrieve http://testng.org/testng-p2-update-site/7.1.0, see CVE-2021-41033. Consider using https instead.

!ENTRY org.eclipse.equinox.p2.repository 2 0 2023-03-01 18:11:47.541
!MESSAGE Using unsafe http transport to retrieve http://testng.org/testng-p2-update-site/updatesites/7.1.0.r202001120626, see CVE-2021-41033. Consider using https instead.

!ENTRY org.eclipse.equinox.p2.repository 2 0 2023-03-01 18:11:47.665
!MESSAGE Using unsafe http transport to retrieve http://testng.org/testng-p2-update-site/7.2.0, see CVE-2021-41033. Consider using https instead.

!ENTRY org.eclipse.equinox.p2.repository 2 0 2023-03-01 18:11:47.794
!MESSAGE Using unsafe http transport to retrieve http://testng.org/testng-p2-update-site/updatesites/7.2.0.r202003151902, see CVE-2021-41033. Consider using https instead.

!ENTRY org.eclipse.equinox.p2.repository 2 0 2023-03-01 18:11:47.883
!MESSAGE Using unsafe http transport to retrieve http://testng.org/testng-p2-update-site/7.3.0, see CVE-2021-41033. Consider using https instead.

!ENTRY org.eclipse.equinox.p2.repository 2 0 2023-03-01 18:11:48.107
!MESSAGE Using unsafe http transport to retrieve http://testng.org/testng-p2-update-site/updatesites/7.3.0.r202008060316, see CVE-2021-41033. Consider using https instead.

!ENTRY org.eclipse.equinox.p2.repository 2 0 2023-03-01 18:11:48.257
!MESSAGE Using unsafe http transport to retrieve http://testng.org/testng-p2-update-site/7.4.0, see CVE-2021-41033. Consider using https instead.

!ENTRY org.eclipse.equinox.p2.repository 2 0 2023-03-01 18:11:48.529
!MESSAGE Using unsafe http transport to retrieve http://testng.org/testng-p2-update-site/updatesites/7.4.0.r202105021533, see CVE-2021-41033. Consider using https instead.

!ENTRY org.eclipse.equinox.p2.repository 2 0 2023-03-01 18:11:48.700
!MESSAGE Using unsafe http transport to retrieve http://testng.org/testng-p2-update-site/7.5.0, see CVE-2021-41033. Consider using https instead.

!ENTRY org.eclipse.equinox.p2.repository 2 0 2023-03-01 18:11:48.847
!MESSAGE Using unsafe http transport to retrieve http://testng.org/testng-p2-update-site/updatesites/7.5.0.r202201070709, see CVE-2021-41033. Consider using https instead.

!ENTRY org.eclipse.equinox.p2.repository 2 0 2023-03-01 18:11:48.920
!MESSAGE Using unsafe http transport to retrieve http://testng.org/testng-p2-update-site/7.6.1, see CVE-2021-41033. Consider using https instead.

!ENTRY org.eclipse.equinox.p2.repository 2 0 2023-03-01 18:11:49.072
!MESSAGE Using unsafe http transport to retrieve http://testng.org/testng-p2-update-site/updatesites/7.6.1.r202207070546, see CVE-2021-41033. Consider using https instead.

!ENTRY org.eclipse.equinox.p2.repository 2 0 2023-03-01 18:11:49.486
!MESSAGE Using unsafe http transport to retrieve http://download.eclipse.org/e4/snapshots/org.eclipse.e4.ui/content.xml.xz, see CVE-2021-41033. Consider using https instead.

!ENTRY org.eclipse.equinox.p2.repository 2 0 2023-03-01 18:11:50.172
!MESSAGE Using unsafe http transport to retrieve http://download.eclipse.org/usssdk/updates/release/latest, see CVE-2021-41033. Consider using https instead.

!ENTRY org.eclipse.equinox.p2.repository 2 0 2023-03-01 18:11:55.097
!MESSAGE Using unsafe http transport to retrieve http://download.eclipse.org/oomph/uss/updates/latest, see CVE-2021-41033. Consider using https instead.

!ENTRY org.eclipse.equinox.p2.repository 2 0 2023-03-01 18:11:55.584
!MESSAGE Using unsafe http transport to retrieve http://download.eclipse.org/oomph/uss/drops/nightly/N20180202-232207, see CVE-2021-41033. Consider using https instead.

!ENTRY org.eclipse.equinox.p2.repository 2 0 2023-03-01 18:11:56.977
!MESSAGE Using unsafe http transport to retrieve http://download.emmet.io/eclipse/updates/, see CVE-2021-41033. Consider using https instead.

!ENTRY org.eclipse.epp.mpc.ui 4 0 2023-03-01 18:13:14.295
!MESSAGE Problems occurred while performing provisioning operation: operation plan must be resolved
!STACK 0
java.lang.IllegalStateException: operation plan must be resolved
	at org.eclipse.equinox.internal.p2.ui.ProvUI.toCurrentJREOperation(ProvUI.java:338)
	at org.eclipse.equinox.internal.p2.ui.ProvUI.toCompabilityWithCurrentJREProvisioningPlan(ProvUI.java:325)
	at org.eclipse.epp.internal.mpc.ui.wizards.MarketplaceWizard.lambda$5(MarketplaceWizard.java:876)
	at org.eclipse.jface.operation.ModalContext$ModalContextThread.run(ModalContext.java:122)

!ENTRY org.eclipse.core.resources 2 10035 2023-03-01 18:31:01.430
!MESSAGE The workspace will exit with unsaved changes in this session.
!SESSION 2023-03-02 16:32:48.239 -----------------------------------------------
eclipse.buildId=4.17.2.202301310704
java.version=19.0.1
java.vendor=Eclipse Adoptium
BootLoader constants: OS=win32, ARCH=x86_64, WS=win32, NL=en_US
Framework arguments:  -product org.springframework.boot.ide.branding.sts4
Command-line arguments:  -os win32 -ws win32 -arch x86_64 -product org.springframework.boot.ide.branding.sts4

!ENTRY ch.qos.logback.classic 1 0 2023-03-02 16:32:50.787
!MESSAGE Activated before the state location was initialized. Retry after the state location is initialized.

!ENTRY org.eclipse.core.resources 2 10035 2023-03-02 16:32:52.710
!MESSAGE The workspace exited with unsaved changes in the previous session; refreshing workspace to recover changes.

!ENTRY ch.qos.logback.classic 1 0 2023-03-02 16:32:54.527
!MESSAGE Logback config file: C:\Users\rubyr\OneDrive\Coding Dojo\Java\SpringProjects\.metadata\.plugins\org.eclipse.m2e.logback\logback.2.1.0.20221015-0744.xml

!ENTRY org.eclipse.jface 2 0 2023-03-02 16:34:05.335
!MESSAGE Keybinding conflicts occurred.  They may interfere with normal accelerator operation.
!SUBENTRY 1 org.eclipse.jface 2 0 2023-03-02 16:34:05.336
!MESSAGE A conflict occurred for CTRL+SHIFT+T:
Binding(CTRL+SHIFT+T,
	ParameterizedCommand(Command(org.eclipse.jdt.ui.navigate.open.type,Open Type,
		Open a type in a Java editor,
		Category(org.eclipse.ui.category.navigate,Navigate,null,true),
		WorkbenchHandlerServiceHandler("org.eclipse.jdt.ui.navigate.open.type"),
		,,true),null),
	org.eclipse.ui.defaultAcceleratorConfiguration,
	org.eclipse.ui.contexts.window,,,system)
Binding(CTRL+SHIFT+T,
	ParameterizedCommand(Command(org.eclipse.lsp4e.symbolinworkspace,Go to Symbol in Workspace,
		,
		Category(org.eclipse.lsp4e.category,Language Servers,null,true),
		WorkbenchHandlerServiceHandler("org.eclipse.lsp4e.symbolinworkspace"),
		,,true),null),
	org.eclipse.ui.defaultAcceleratorConfiguration,
	org.eclipse.ui.contexts.window,,,system)
!SUBENTRY 1 org.eclipse.jface 2 0 2023-03-02 16:34:05.336
!MESSAGE A conflict occurred for ALT+SHIFT+R:
Binding(ALT+SHIFT+R,
	ParameterizedCommand(Command(org.eclipse.jdt.ui.edit.text.java.rename.element,Rename - Refactoring ,
		Rename the selected element,
		Category(org.eclipse.jdt.ui.category.refactoring,Refactor - Java,Java Refactoring Actions,true),
		WorkbenchHandlerServiceHandler("org.eclipse.jdt.ui.edit.text.java.rename.element"),
		,,true),null),
	org.eclipse.ui.defaultAcceleratorConfiguration,
	org.eclipse.ui.contexts.window,,,system)
Binding(ALT+SHIFT+R,
	ParameterizedCommand(Command(org.eclipse.ui.edit.rename,Rename,
		Rename the selected item,
		Category(org.eclipse.ui.category.file,File,null,true),
		WorkbenchHandlerServiceHandler("org.eclipse.ui.edit.rename"),
		,,true),null),
	org.eclipse.ui.defaultAcceleratorConfiguration,
	org.eclipse.ui.contexts.window,,,system)

!ENTRY org.eclipse.jface 2 0 2023-03-02 16:34:11.810
!MESSAGE Keybinding conflicts occurred.  They may interfere with normal accelerator operation.
!SUBENTRY 1 org.eclipse.jface 2 0 2023-03-02 16:34:11.810
!MESSAGE A conflict occurred for CTRL+SHIFT+C:
Binding(CTRL+SHIFT+C,
	ParameterizedCommand(Command(org.eclipse.tm4e.languageconfiguration.toggleLineCommentCommand,Toggle Line Comment,
		,
		Category(org.eclipse.tm4e.languageconfiguration.category,TM4E Language Configuration,null,true),
		WorkbenchHandlerServiceHandler("org.eclipse.tm4e.languageconfiguration.toggleLineCommentCommand"),
		,,true),null),
	org.eclipse.ui.defaultAcceleratorConfiguration,
	org.eclipse.ui.textEditorScope,,,system)
Binding(CTRL+SHIFT+C,
	ParameterizedCommand(Command(org.springframework.tooling.boot.ls.ToggleComment,Toggle Comment,
		,
		Category(org.springframework.ide.eclipse.commands,Spring Generic Text Editor,Spring Language Server Commands,true),
		WorkbenchHandlerServiceHandler("org.springframework.tooling.boot.ls.ToggleComment"),
		,,true),null),
	org.eclipse.ui.defaultAcceleratorConfiguration,
	org.eclipse.ui.textEditorScope,,,system)
!SUBENTRY 1 org.eclipse.jface 2 0 2023-03-02 16:34:11.810
!MESSAGE A conflict occurred for CTRL+SHIFT+/:
Binding(CTRL+SHIFT+/,
	ParameterizedCommand(Command(io.emmet.eclipse.commands.toggle_comment,Toggle Comment,
		,
		Category(io.emmet.eclipse.commands.category,Emmet,null,true),
		WorkbenchHandlerServiceHandler("io.emmet.eclipse.commands.toggle_comment"),
		,,true),null),
	org.eclipse.ui.defaultAcceleratorConfiguration,
	org.eclipse.ui.textEditorScope,,,system)
Binding(CTRL+SHIFT+/,
	ParameterizedCommand(Command(org.eclipse.tm4e.languageconfiguration.addBlockCommentCommand,Add Block Comment,
		,
		Category(org.eclipse.tm4e.languageconfiguration.category,TM4E Language Configuration,null,true),
		WorkbenchHandlerServiceHandler("org.eclipse.tm4e.languageconfiguration.addBlockCommentCommand"),
		,,true),null),
	org.eclipse.ui.defaultAcceleratorConfiguration,
	org.eclipse.ui.textEditorScope,,,system)
!SUBENTRY 1 org.eclipse.jface 2 0 2023-03-02 16:34:11.810
!MESSAGE A conflict occurred for CTRL+D:
Binding(CTRL+D,
	ParameterizedCommand(Command(org.eclipse.ui.edit.text.delete.line,Delete Line,
		Delete a line of text,
		Category(org.eclipse.ui.category.textEditor,Text Editing,Text Editing Commands,true),
		WorkbenchHandlerServiceHandler("org.eclipse.ui.edit.text.delete.line"),
		,,true),null),
	org.eclipse.ui.defaultAcceleratorConfiguration,
	org.eclipse.ui.textEditorScope,,,system)
Binding(CTRL+D,
	ParameterizedCommand(Command(io.emmet.eclipse.commands.match_pair_outward,Match Pair Outward,
		,
		Category(io.emmet.eclipse.commands.category,Emmet,null,true),
		WorkbenchHandlerServiceHandler("io.emmet.eclipse.commands.match_pair_outward"),
		,,true),null),
	org.eclipse.ui.defaultAcceleratorConfiguration,
	org.eclipse.ui.textEditorScope,,,system)

!ENTRY org.eclipse.egit.ui 2 0 2023-03-02 16:34:12.187
!MESSAGE Warning: The environment variable HOME is not set. The following directory will be used to store the Git
user global configuration and to define the default location to store repositories: 'C:\Users\rubyr'. If this is
not correct please set the HOME environment variable and restart Eclipse. Otherwise Git for Windows and
EGit might behave differently since they see different configuration options.
This warning can be switched off on the Team > Git > Confirmations and Warnings preference page.

!ENTRY org.springframework.tooling.ls.eclipse.commons 1 0 2023-03-02 16:34:24.535
!MESSAGE executing callback sts4.classpath.IyAxrSIU FAILED

!ENTRY org.springframework.tooling.ls.eclipse.commons 4 0 2023-03-02 16:34:24.535
!MESSAGE TimeoutException
!STACK 0
java.util.concurrent.TimeoutException
	at java.base/java.util.concurrent.CompletableFuture.timedGet(CompletableFuture.java:1960)
	at java.base/java.util.concurrent.CompletableFuture.get(CompletableFuture.java:2095)
	at org.springframework.tooling.ls.eclipse.commons.LSP4ECommandExecutor.executeClientCommand(LSP4ECommandExecutor.java:37)
	at org.springframework.tooling.jdt.ls.commons.classpath.SendClasspathNotificationsJob.flush(SendClasspathNotificationsJob.java:178)
	at org.springframework.tooling.jdt.ls.commons.classpath.SendClasspathNotificationsJob.run(SendClasspathNotificationsJob.java:149)
	at org.eclipse.core.internal.jobs.Worker.run(Worker.java:63)

!ENTRY org.eclipse.ui 2 2 2023-03-02 16:34:58.233
!MESSAGE Invalid property category path: org.springframework.ide.eclipse.beans.ui.properties.ProjectPropertyPage (bundle: org.springframework.ide.eclipse.xml.namespaces, propertyPage: org.springframework.ide.eclipse.beans.ui.namespaces.projectPropertyPage)

!ENTRY org.eclipse.equinox.p2.touchpoint.natives 2 0 2023-03-02 16:48:42.016
!MESSAGE Could not remove temporary backup directory (it is safe to manually delete it and its contents): C:\Users\rubyr\AppData\Local\Temp\DefaultProfile_dea77ede-e4c5-46f8-bde9-a6f08cc68010
!SESSION 2023-03-02 17:14:28.614 -----------------------------------------------
eclipse.buildId=4.16.1.202210240748
java.version=17.0.4.1
java.vendor=Eclipse Adoptium
BootLoader constants: OS=win32, ARCH=x86_64, WS=win32, NL=en_US
Framework arguments:  -product org.springframework.boot.ide.branding.sts4
Command-line arguments:  -os win32 -ws win32 -arch x86_64 -product org.springframework.boot.ide.branding.sts4

!ENTRY org.eclipse.jface 2 0 2023-03-02 17:15:22.780
!MESSAGE Keybinding conflicts occurred.  They may interfere with normal accelerator operation.
!SUBENTRY 1 org.eclipse.jface 2 0 2023-03-02 17:15:22.780
!MESSAGE A conflict occurred for CTRL+SHIFT+T:
Binding(CTRL+SHIFT+T,
	ParameterizedCommand(Command(org.eclipse.jdt.ui.navigate.open.type,Open Type,
		Open a type in a Java editor,
		Category(org.eclipse.ui.category.navigate,Navigate,null,true),
		WorkbenchHandlerServiceHandler("org.eclipse.jdt.ui.navigate.open.type"),
		,,true),null),
	org.eclipse.ui.defaultAcceleratorConfiguration,
	org.eclipse.ui.contexts.window,,,system)
Binding(CTRL+SHIFT+T,
	ParameterizedCommand(Command(org.eclipse.lsp4e.symbolinworkspace,Go to Symbol in Workspace,
		,
		Category(org.eclipse.lsp4e.category,Language Servers,null,true),
		WorkbenchHandlerServiceHandler("org.eclipse.lsp4e.symbolinworkspace"),
		,,true),null),
	org.eclipse.ui.defaultAcceleratorConfiguration,
	org.eclipse.ui.contexts.window,,,system)
!SUBENTRY 1 org.eclipse.jface 2 0 2023-03-02 17:15:22.780
!MESSAGE A conflict occurred for ALT+SHIFT+R:
Binding(ALT+SHIFT+R,
	ParameterizedCommand(Command(org.eclipse.jdt.ui.edit.text.java.rename.element,Rename - Refactoring ,
		Rename the selected element,
		Category(org.eclipse.jdt.ui.category.refactoring,Refactor - Java,Java Refactoring Actions,true),
		WorkbenchHandlerServiceHandler("org.eclipse.jdt.ui.edit.text.java.rename.element"),
		,,true),null),
	org.eclipse.ui.defaultAcceleratorConfiguration,
	org.eclipse.ui.contexts.window,,,system)
Binding(ALT+SHIFT+R,
	ParameterizedCommand(Command(org.eclipse.ui.edit.rename,Rename,
		Rename the selected item,
		Category(org.eclipse.ui.category.file,File,null,true),
		WorkbenchHandlerServiceHandler("org.eclipse.ui.edit.rename"),
		,,true),null),
	org.eclipse.ui.defaultAcceleratorConfiguration,
	org.eclipse.ui.contexts.window,,,system)

!ENTRY org.eclipse.jface 2 0 2023-03-02 17:15:27.967
!MESSAGE Keybinding conflicts occurred.  They may interfere with normal accelerator operation.
!SUBENTRY 1 org.eclipse.jface 2 0 2023-03-02 17:15:27.967
!MESSAGE A conflict occurred for CTRL+SHIFT+C:
Binding(CTRL+SHIFT+C,
	ParameterizedCommand(Command(org.eclipse.tm4e.languageconfiguration.toggleLineCommentCommand,Toggle Line Comment,
		,
		Category(org.eclipse.tm4e.languageconfiguration.category,TM4E Language Configuration,null,true),
		WorkbenchHandlerServiceHandler("org.eclipse.tm4e.languageconfiguration.toggleLineCommentCommand"),
		,,true),null),
	org.eclipse.ui.defaultAcceleratorConfiguration,
	org.eclipse.ui.textEditorScope,,,system)
Binding(CTRL+SHIFT+C,
	ParameterizedCommand(Command(org.springframework.tooling.boot.ls.ToggleComment,Toggle Comment,
		,
		Category(org.springframework.ide.eclipse.commands,Spring Generic Text Editor,Spring Language Server Commands,true),
		WorkbenchHandlerServiceHandler("org.springframework.tooling.boot.ls.ToggleComment"),
		,,true),null),
	org.eclipse.ui.defaultAcceleratorConfiguration,
	org.eclipse.ui.textEditorScope,,,system)

!ENTRY org.eclipse.egit.ui 2 0 2023-03-02 17:15:28.296
!MESSAGE Warning: The environment variable HOME is not set. The following directory will be used to store the Git
user global configuration and to define the default location to store repositories: 'C:\Users\rubyr'. If this is
not correct please set the HOME environment variable and restart Eclipse. Otherwise Git for Windows and
EGit might behave differently since they see different configuration options.
This warning can be switched off on the Team > Git > Confirmations and Warnings preference page.

!ENTRY org.eclipse.e4.ui.workbench 2 0 2023-03-02 17:15:28.340
!MESSAGE Removing PartDescriptorImpl with the "org.eclipse.gef.ui.palette_view" id and the "Palette" label.It points to the non available "bundleclass://org.eclipse.ui.workbench/org.eclipse.ui.internal.e4.compatibility.CompatibilityView" class. Bundle might have been uninstalled

!ENTRY org.eclipse.e4.ui.workbench 2 0 2023-03-02 17:15:28.341
!MESSAGE Removing PartDescriptorImpl with the "org.eclipse.wst.common.snippets.internal.ui.SnippetsView" id and the "Snippets" label.It points to the non available "bundleclass://org.eclipse.ui.workbench/org.eclipse.ui.internal.e4.compatibility.CompatibilityView" class. Bundle might have been uninstalled

!ENTRY org.eclipse.e4.ui.workbench 2 0 2023-03-02 17:15:28.343
!MESSAGE Removing PartDescriptorImpl with the "org.eclipse.wst.jsdt.callhierarchy.view" id and the "Call Hierarchy" label.It points to the non available "bundleclass://org.eclipse.ui.workbench/org.eclipse.ui.internal.e4.compatibility.CompatibilityView" class. Bundle might have been uninstalled

!ENTRY org.eclipse.e4.ui.workbench 2 0 2023-03-02 17:15:28.345
!MESSAGE Removing PartDescriptorImpl with the "org.eclipse.wst.jsdt.ui.SourceView" id and the "Declaration" label.It points to the non available "bundleclass://org.eclipse.ui.workbench/org.eclipse.ui.internal.e4.compatibility.CompatibilityView" class. Bundle might have been uninstalled

!ENTRY org.eclipse.e4.ui.workbench 2 0 2023-03-02 17:15:28.347
!MESSAGE Removing PartDescriptorImpl with the "org.eclipse.wst.jsdt.ui.JavadocView" id and the "Documentation" label.It points to the non available "bundleclass://org.eclipse.ui.workbench/org.eclipse.ui.internal.e4.compatibility.CompatibilityView" class. Bundle might have been uninstalled

!ENTRY org.eclipse.e4.ui.workbench 2 0 2023-03-02 17:15:28.349
!MESSAGE Removing PartDescriptorImpl with the "org.eclipse.wst.xml.ui.views.annotations.XMLAnnotationsView" id and the "Documentation" label.It points to the non available "bundleclass://org.eclipse.ui.workbench/org.eclipse.ui.internal.e4.compatibility.CompatibilityView" class. Bundle might have been uninstalled

!ENTRY org.eclipse.e4.ui.workbench 2 0 2023-03-02 17:15:28.350
!MESSAGE Removing PartDescriptorImpl with the "org.eclipse.wst.xml.ui.contentmodel.view" id and the "Content Model" label.It points to the non available "bundleclass://org.eclipse.ui.workbench/org.eclipse.ui.internal.e4.compatibility.CompatibilityView" class. Bundle might have been uninstalled

!ENTRY org.eclipse.ui 2 2 2023-03-02 17:16:05.512
!MESSAGE Invalid property category path: org.springframework.ide.eclipse.beans.ui.properties.ProjectPropertyPage (bundle: org.springframework.ide.eclipse.xml.namespaces, propertyPage: org.springframework.ide.eclipse.beans.ui.namespaces.projectPropertyPage)

!ENTRY org.eclipse.equinox.p2.transport.ecf 2 0 2023-03-02 17:16:50.544
!MESSAGE Connection to https://eclipse.mirror.rafal.ca/releases/2022-09/202209141001/features/org.eclipse.jst.web_core.feature_3.27.0.v202206160204.jar failed on eclipse.mirror.rafal.ca:443 failed to respond. Retry attempt 0 started
!STACK 0
org.apache.hc.core5.http.NoHttpResponseException: eclipse.mirror.rafal.ca:443 failed to respond
	at org.apache.hc.core5.http.impl.io.DefaultHttpResponseParser.createConnectionClosedException(DefaultHttpResponseParser.java:87)
	at org.apache.hc.core5.http.impl.io.AbstractMessageParser.parse(AbstractMessageParser.java:243)
	at org.apache.hc.core5.http.impl.io.AbstractMessageParser.parse(AbstractMessageParser.java:53)
	at org.apache.hc.core5.http.impl.io.DefaultBHttpClientConnection.receiveResponseHeader(DefaultBHttpClientConnection.java:298)
	at org.apache.hc.core5.http.impl.io.HttpRequestExecutor.execute(HttpRequestExecutor.java:175)
	at org.apache.hc.core5.http.impl.io.HttpRequestExecutor.execute(HttpRequestExecutor.java:218)
	at org.apache.hc.client5.http.impl.io.PoolingHttpClientConnectionManager$InternalConnectionEndpoint.execute(PoolingHttpClientConnectionManager.java:583)
	at org.apache.hc.client5.http.impl.classic.InternalExecRuntime.execute(InternalExecRuntime.java:212)
	at org.apache.hc.client5.http.impl.classic.MainClientExec.execute(MainClientExec.java:105)
	at org.apache.hc.client5.http.impl.classic.ExecChainElement.execute(ExecChainElement.java:51)
	at org.apache.hc.client5.http.impl.classic.ExecChainElement$1.proceed(ExecChainElement.java:57)
	at org.apache.hc.client5.http.impl.classic.ConnectExec.execute(ConnectExec.java:182)
	at org.apache.hc.client5.http.impl.classic.ExecChainElement.execute(ExecChainElement.java:51)
	at org.apache.hc.client5.http.impl.classic.ExecChainElement$1.proceed(ExecChainElement.java:57)
	at org.apache.hc.client5.http.impl.classic.ProtocolExec.execute(ProtocolExec.java:175)
	at org.apache.hc.client5.http.impl.classic.ExecChainElement.execute(ExecChainElement.java:51)
	at org.apache.hc.client5.http.impl.classic.ExecChainElement$1.proceed(ExecChainElement.java:57)
	at org.apache.hc.client5.http.impl.classic.HttpRequestRetryExec.execute(HttpRequestRetryExec.java:96)
	at org.apache.hc.client5.http.impl.classic.ExecChainElement.execute(ExecChainElement.java:51)
	at org.apache.hc.client5.http.impl.classic.ExecChainElement$1.proceed(ExecChainElement.java:57)
	at org.apache.hc.client5.http.impl.classic.ContentCompressionExec.execute(ContentCompressionExec.java:133)
	at org.apache.hc.client5.http.impl.classic.ExecChainElement.execute(ExecChainElement.java:51)
	at org.apache.hc.client5.http.impl.classic.ExecChainElement$1.proceed(ExecChainElement.java:57)
	at org.apache.hc.client5.http.impl.classic.RedirectExec.execute(RedirectExec.java:115)
	at org.apache.hc.client5.http.impl.classic.ExecChainElement.execute(ExecChainElement.java:51)
	at org.apache.hc.client5.http.impl.classic.InternalHttpClient.doExecute(InternalHttpClient.java:170)
	at org.apache.hc.client5.http.impl.classic.CloseableHttpClient.execute(CloseableHttpClient.java:75)
	at org.eclipse.ecf.provider.filetransfer.httpclient5.HttpClientRetrieveFileTransfer.performConnect(HttpClientRetrieveFileTransfer.java:1009)
	at org.eclipse.ecf.provider.filetransfer.httpclient5.HttpClientRetrieveFileTransfer.access$0(HttpClientRetrieveFileTransfer.java:1001)
	at org.eclipse.ecf.provider.filetransfer.httpclient5.HttpClientRetrieveFileTransfer$1.performFileTransfer(HttpClientRetrieveFileTransfer.java:997)
	at org.eclipse.ecf.filetransfer.FileTransferJob.run(FileTransferJob.java:76)
	at org.eclipse.core.internal.jobs.Worker.run(Worker.java:63)
!SESSION 2023-03-02 17:17:09.939 -----------------------------------------------
eclipse.buildId=4.16.1.202210240748
java.version=17.0.4.1
java.vendor=Eclipse Adoptium
BootLoader constants: OS=win32, ARCH=x86_64, WS=win32, NL=en_US
Framework arguments:  -product org.springframework.boot.ide.branding.sts4
Command-line arguments:  -os win32 -ws win32 -arch x86_64 -product org.springframework.boot.ide.branding.sts4

!ENTRY org.eclipse.jface 2 0 2023-03-02 17:17:22.979
!MESSAGE Keybinding conflicts occurred.  They may interfere with normal accelerator operation.
!SUBENTRY 1 org.eclipse.jface 2 0 2023-03-02 17:17:22.979
!MESSAGE A conflict occurred for CTRL+SHIFT+T:
Binding(CTRL+SHIFT+T,
	ParameterizedCommand(Command(org.eclipse.jdt.ui.navigate.open.type,Open Type,
		Open a type in a Java editor,
		Category(org.eclipse.ui.category.navigate,Navigate,null,true),
		WorkbenchHandlerServiceHandler("org.eclipse.jdt.ui.navigate.open.type"),
		,,true),null),
	org.eclipse.ui.defaultAcceleratorConfiguration,
	org.eclipse.ui.contexts.window,,,system)
Binding(CTRL+SHIFT+T,
	ParameterizedCommand(Command(org.eclipse.lsp4e.symbolinworkspace,Go to Symbol in Workspace,
		,
		Category(org.eclipse.lsp4e.category,Language Servers,null,true),
		WorkbenchHandlerServiceHandler("org.eclipse.lsp4e.symbolinworkspace"),
		,,true),null),
	org.eclipse.ui.defaultAcceleratorConfiguration,
	org.eclipse.ui.contexts.window,,,system)
!SUBENTRY 1 org.eclipse.jface 2 0 2023-03-02 17:17:22.979
!MESSAGE A conflict occurred for ALT+SHIFT+R:
Binding(ALT+SHIFT+R,
	ParameterizedCommand(Command(org.eclipse.jdt.ui.edit.text.java.rename.element,Rename - Refactoring ,
		Rename the selected element,
		Category(org.eclipse.jdt.ui.category.refactoring,Refactor - Java,Java Refactoring Actions,true),
		WorkbenchHandlerServiceHandler("org.eclipse.jdt.ui.edit.text.java.rename.element"),
		,,true),null),
	org.eclipse.ui.defaultAcceleratorConfiguration,
	org.eclipse.ui.contexts.window,,,system)
Binding(ALT+SHIFT+R,
	ParameterizedCommand(Command(org.eclipse.ui.edit.rename,Rename,
		Rename the selected item,
		Category(org.eclipse.ui.category.file,File,null,true),
		WorkbenchHandlerServiceHandler("org.eclipse.ui.edit.rename"),
		,,true),null),
	org.eclipse.ui.defaultAcceleratorConfiguration,
	org.eclipse.ui.contexts.window,,,system)

!ENTRY org.eclipse.egit.ui 2 0 2023-03-02 17:17:26.498
!MESSAGE Warning: The environment variable HOME is not set. The following directory will be used to store the Git
user global configuration and to define the default location to store repositories: 'C:\Users\rubyr'. If this is
not correct please set the HOME environment variable and restart Eclipse. Otherwise Git for Windows and
EGit might behave differently since they see different configuration options.
This warning can be switched off on the Team > Git > Confirmations and Warnings preference page.

!ENTRY org.eclipse.ui 2 2 2023-03-02 17:17:36.656
!MESSAGE Invalid property category path: org.springframework.ide.eclipse.beans.ui.properties.ProjectPropertyPage (bundle: org.springframework.ide.eclipse.xml.namespaces, propertyPage: org.springframework.ide.eclipse.beans.ui.namespaces.projectPropertyPage)

!ENTRY org.eclipse.jface 2 0 2023-03-02 17:18:21.731
!MESSAGE Keybinding conflicts occurred.  They may interfere with normal accelerator operation.
!SUBENTRY 1 org.eclipse.jface 2 0 2023-03-02 17:18:21.732
!MESSAGE A conflict occurred for CTRL+SHIFT+C:
Binding(CTRL+SHIFT+C,
	ParameterizedCommand(Command(org.eclipse.tm4e.languageconfiguration.toggleLineCommentCommand,Toggle Line Comment,
		,
		Category(org.eclipse.tm4e.languageconfiguration.category,TM4E Language Configuration,null,true),
		WorkbenchHandlerServiceHandler("org.eclipse.tm4e.languageconfiguration.toggleLineCommentCommand"),
		,,true),null),
	org.eclipse.ui.defaultAcceleratorConfiguration,
	org.eclipse.ui.textEditorScope,,,system)
Binding(CTRL+SHIFT+C,
	ParameterizedCommand(Command(org.springframework.tooling.boot.ls.ToggleComment,Toggle Comment,
		,
		Category(org.springframework.ide.eclipse.commands,Spring Generic Text Editor,Spring Language Server Commands,true),
		WorkbenchHandlerServiceHandler("org.springframework.tooling.boot.ls.ToggleComment"),
		,,true),null),
	org.eclipse.ui.defaultAcceleratorConfiguration,
	org.eclipse.ui.textEditorScope,,,system)

!ENTRY org.eclipse.jface.text 4 0 2023-03-02 17:18:25.187
!MESSAGE java.lang.NullPointerException: Cannot invoke "java.util.concurrent.CompletionStage.toCompletableFuture()" because the return value of "java.util.function.Function.apply(Object)" is null
!STACK 0
java.util.concurrent.CompletionException: java.lang.NullPointerException: Cannot invoke "java.util.concurrent.CompletionStage.toCompletableFuture()" because the return value of "java.util.function.Function.apply(Object)" is null
	at java.base/java.util.concurrent.CompletableFuture.encodeThrowable(CompletableFuture.java:315)
	at java.base/java.util.concurrent.CompletableFuture.completeThrowable(CompletableFuture.java:320)
	at java.base/java.util.concurrent.CompletableFuture$UniCompose.tryFire(CompletableFuture.java:1159)
	at java.base/java.util.concurrent.CompletableFuture$Completion.exec(CompletableFuture.java:483)
	at java.base/java.util.concurrent.ForkJoinTask.doExec(ForkJoinTask.java:373)
	at java.base/java.util.concurrent.ForkJoinPool$WorkQueue.topLevelExec(ForkJoinPool.java:1182)
	at java.base/java.util.concurrent.ForkJoinPool.scan(ForkJoinPool.java:1655)
	at java.base/java.util.concurrent.ForkJoinPool.runWorker(ForkJoinPool.java:1622)
	at java.base/java.util.concurrent.ForkJoinWorkerThread.run(ForkJoinWorkerThread.java:165)
Caused by: java.lang.NullPointerException: Cannot invoke "java.util.concurrent.CompletionStage.toCompletableFuture()" because the return value of "java.util.function.Function.apply(Object)" is null
	at java.base/java.util.concurrent.CompletableFuture$UniCompose.tryFire(CompletableFuture.java:1150)
	... 6 more
!SESSION 2023-03-02 18:45:48.145 -----------------------------------------------
eclipse.buildId=4.16.1.202210240748
java.version=17.0.4.1
java.vendor=Eclipse Adoptium
BootLoader constants: OS=win32, ARCH=x86_64, WS=win32, NL=en_US
Framework arguments:  -product org.springframework.boot.ide.branding.sts4
Command-line arguments:  -os win32 -ws win32 -arch x86_64 -product org.springframework.boot.ide.branding.sts4

!ENTRY org.eclipse.jface 2 0 2023-03-02 18:45:51.419
!MESSAGE Keybinding conflicts occurred.  They may interfere with normal accelerator operation.
!SUBENTRY 1 org.eclipse.jface 2 0 2023-03-02 18:45:51.420
!MESSAGE A conflict occurred for CTRL+SHIFT+T:
Binding(CTRL+SHIFT+T,
	ParameterizedCommand(Command(org.eclipse.jdt.ui.navigate.open.type,Open Type,
		Open a type in a Java editor,
		Category(org.eclipse.ui.category.navigate,Navigate,null,true),
		WorkbenchHandlerServiceHandler("org.eclipse.jdt.ui.navigate.open.type"),
		,,true),null),
	org.eclipse.ui.defaultAcceleratorConfiguration,
	org.eclipse.ui.contexts.window,,,system)
Binding(CTRL+SHIFT+T,
	ParameterizedCommand(Command(org.eclipse.lsp4e.symbolinworkspace,Go to Symbol in Workspace,
		,
		Category(org.eclipse.lsp4e.category,Language Servers,null,true),
		WorkbenchHandlerServiceHandler("org.eclipse.lsp4e.symbolinworkspace"),
		,,true),null),
	org.eclipse.ui.defaultAcceleratorConfiguration,
	org.eclipse.ui.contexts.window,,,system)
!SUBENTRY 1 org.eclipse.jface 2 0 2023-03-02 18:45:51.420
!MESSAGE A conflict occurred for ALT+SHIFT+R:
Binding(ALT+SHIFT+R,
	ParameterizedCommand(Command(org.eclipse.jdt.ui.edit.text.java.rename.element,Rename - Refactoring ,
		Rename the selected element,
		Category(org.eclipse.jdt.ui.category.refactoring,Refactor - Java,Java Refactoring Actions,true),
		WorkbenchHandlerServiceHandler("org.eclipse.jdt.ui.edit.text.java.rename.element"),
		,,true),null),
	org.eclipse.ui.defaultAcceleratorConfiguration,
	org.eclipse.ui.contexts.window,,,system)
Binding(ALT+SHIFT+R,
	ParameterizedCommand(Command(org.eclipse.ui.edit.rename,Rename,
		Rename the selected item,
		Category(org.eclipse.ui.category.file,File,null,true),
		WorkbenchHandlerServiceHandler("org.eclipse.ui.edit.rename"),
		,,true),null),
	org.eclipse.ui.defaultAcceleratorConfiguration,
	org.eclipse.ui.contexts.window,,,system)

!ENTRY org.eclipse.egit.ui 2 0 2023-03-02 18:45:54.764
!MESSAGE Warning: The environment variable HOME is not set. The following directory will be used to store the Git
user global configuration and to define the default location to store repositories: 'C:\Users\rubyr'. If this is
not correct please set the HOME environment variable and restart Eclipse. Otherwise Git for Windows and
EGit might behave differently since they see different configuration options.
This warning can be switched off on the Team > Git > Confirmations and Warnings preference page.

!ENTRY org.eclipse.ui 2 2 2023-03-02 18:46:27.371
!MESSAGE Invalid property category path: org.springframework.ide.eclipse.beans.ui.properties.ProjectPropertyPage (bundle: org.springframework.ide.eclipse.xml.namespaces, propertyPage: org.springframework.ide.eclipse.beans.ui.namespaces.projectPropertyPage)

!ENTRY org.eclipse.lsp4e 2 0 2023-03-02 19:21:09.737
!MESSAGE Javadoc unavailable. Failed to obtain it.
!STACK 0
java.lang.InterruptedException
	at java.base/java.util.concurrent.CompletableFuture.reportGet(CompletableFuture.java:386)
	at java.base/java.util.concurrent.CompletableFuture.get(CompletableFuture.java:2096)
	at org.eclipse.lsp4e.jdt.LSJavaHoverProvider.getHoverInfo2(LSJavaHoverProvider.java:70)
	at org.eclipse.jdt.internal.ui.text.java.hover.BestMatchHover.getHoverInfo2(BestMatchHover.java:163)
	at org.eclipse.jdt.internal.ui.text.java.hover.BestMatchHover.getHoverInfo2(BestMatchHover.java:130)
	at org.eclipse.jdt.internal.ui.text.java.hover.JavaEditorTextHoverProxy.getHoverInfo2(JavaEditorTextHoverProxy.java:89)
	at org.eclipse.jface.text.TextViewerHoverManager$1.run(TextViewerHoverManager.java:155)

!ENTRY org.eclipse.m2e.logback.appender 4 0 2023-03-02 19:40:32.073
!MESSAGE Could not download sources for antlr:antlr:2.7.7
!STACK 1
org.eclipse.core.runtime.CoreException: Could not resolve artifact antlr:antlr:jar:sources:2.7.7
	at org.eclipse.m2e.core.internal.embedder.MavenImpl.lambda$6(MavenImpl.java:608)
	at org.eclipse.m2e.core.internal.embedder.MavenExecutionContext.executeBare(MavenExecutionContext.java:350)
	at org.eclipse.m2e.core.internal.embedder.MavenExecutionContext.execute(MavenExecutionContext.java:219)
	at org.eclipse.m2e.core.internal.embedder.MavenExecutionContext.execute(MavenExecutionContext.java:205)
	at org.eclipse.m2e.core.internal.embedder.MavenImpl.resolve(MavenImpl.java:577)
	at org.eclipse.m2e.core.internal.embedder.MavenImpl.resolve(MavenImpl.java:562)
	at org.eclipse.m2e.jdt.internal.DownloadSourcesJob.download(DownloadSourcesJob.java:308)
	at org.eclipse.m2e.jdt.internal.DownloadSourcesJob.downloadAttachments(DownloadSourcesJob.java:282)
	at org.eclipse.m2e.jdt.internal.DownloadSourcesJob.downloadMaven(DownloadSourcesJob.java:252)
	at org.eclipse.m2e.jdt.internal.DownloadSourcesJob.downloadFilesAndPopulateToUpdate(DownloadSourcesJob.java:220)
	at org.eclipse.m2e.jdt.internal.DownloadSourcesJob.lambda$0(DownloadSourcesJob.java:149)
	at org.eclipse.m2e.core.internal.embedder.MavenExecutionContext.executeBare(MavenExecutionContext.java:350)
	at org.eclipse.m2e.core.internal.embedder.MavenExecutionContext.execute(MavenExecutionContext.java:262)
	at org.eclipse.m2e.core.internal.embedder.MavenExecutionContext.execute(MavenExecutionContext.java:205)
	at org.eclipse.m2e.core.embedder.IMaven.execute(IMaven.java:270)
	at org.eclipse.m2e.jdt.internal.DownloadSourcesJob.run(DownloadSourcesJob.java:149)
	at org.eclipse.core.internal.jobs.Worker.run(Worker.java:63)
Contains: Missing antlr:antlr:jar:sources:2.7.7
!SUBENTRY 1 org.eclipse.m2e.core 4 -1 2023-03-02 19:40:32.073
!MESSAGE Could not resolve artifact antlr:antlr:jar:sources:2.7.7
!SUBENTRY 2 org.eclipse.m2e.core 4 0 2023-03-02 19:40:32.073
!MESSAGE Missing antlr:antlr:jar:sources:2.7.7

!ENTRY org.eclipse.jface 2 0 2023-03-02 19:47:59.303
!MESSAGE Keybinding conflicts occurred.  They may interfere with normal accelerator operation.
!SUBENTRY 1 org.eclipse.jface 2 0 2023-03-02 19:47:59.304
!MESSAGE A conflict occurred for CTRL+SHIFT+C:
Binding(CTRL+SHIFT+C,
	ParameterizedCommand(Command(org.eclipse.tm4e.languageconfiguration.toggleLineCommentCommand,Toggle Line Comment,
		,
		Category(org.eclipse.tm4e.languageconfiguration.category,TM4E Language Configuration,null,true),
		WorkbenchHandlerServiceHandler("org.eclipse.tm4e.languageconfiguration.toggleLineCommentCommand"),
		,,true),null),
	org.eclipse.ui.defaultAcceleratorConfiguration,
	org.eclipse.ui.textEditorScope,,,system)
Binding(CTRL+SHIFT+C,
	ParameterizedCommand(Command(org.springframework.tooling.boot.ls.ToggleComment,Toggle Comment,
		,
		Category(org.springframework.ide.eclipse.commands,Spring Generic Text Editor,Spring Language Server Commands,true),
		WorkbenchHandlerServiceHandler("org.springframework.tooling.boot.ls.ToggleComment"),
		,,true),null),
	org.eclipse.ui.defaultAcceleratorConfiguration,
	org.eclipse.ui.textEditorScope,,,system)

!ENTRY org.eclipse.m2e.logback.appender 4 0 2023-03-02 19:52:56.054
!MESSAGE Could not download javadoc for antlr:antlr:2.7.7
!STACK 1
org.eclipse.core.runtime.CoreException: Could not resolve artifact antlr:antlr:jar:javadoc:2.7.7
	at org.eclipse.m2e.core.internal.embedder.MavenImpl.lambda$6(MavenImpl.java:608)
	at org.eclipse.m2e.core.internal.embedder.MavenExecutionContext.executeBare(MavenExecutionContext.java:350)
	at org.eclipse.m2e.core.internal.embedder.MavenExecutionContext.execute(MavenExecutionContext.java:219)
	at org.eclipse.m2e.core.internal.embedder.MavenExecutionContext.execute(MavenExecutionContext.java:205)
	at org.eclipse.m2e.core.internal.embedder.MavenImpl.resolve(MavenImpl.java:577)
	at org.eclipse.m2e.core.internal.embedder.MavenImpl.resolve(MavenImpl.java:562)
	at org.eclipse.m2e.jdt.internal.DownloadSourcesJob.download(DownloadSourcesJob.java:308)
	at org.eclipse.m2e.jdt.internal.DownloadSourcesJob.downloadAttachments(DownloadSourcesJob.java:294)
	at org.eclipse.m2e.jdt.internal.DownloadSourcesJob.downloadMaven(DownloadSourcesJob.java:252)
	at org.eclipse.m2e.jdt.internal.DownloadSourcesJob.downloadFilesAndPopulateToUpdate(DownloadSourcesJob.java:220)
	at org.eclipse.m2e.jdt.internal.DownloadSourcesJob.lambda$0(DownloadSourcesJob.java:149)
	at org.eclipse.m2e.core.internal.embedder.MavenExecutionContext.executeBare(MavenExecutionContext.java:350)
	at org.eclipse.m2e.core.internal.embedder.MavenExecutionContext.execute(MavenExecutionContext.java:262)
	at org.eclipse.m2e.core.internal.embedder.MavenExecutionContext.execute(MavenExecutionContext.java:205)
	at org.eclipse.m2e.core.embedder.IMaven.execute(IMaven.java:270)
	at org.eclipse.m2e.jdt.internal.DownloadSourcesJob.run(DownloadSourcesJob.java:149)
	at org.eclipse.core.internal.jobs.Worker.run(Worker.java:63)
Contains: Could not transfer artifact antlr:antlr:jar:javadoc:2.7.7 from/to central (https://repo.maven.apache.org/maven2): repo.maven.apache.org
org.eclipse.aether.transfer.ArtifactTransferException: Could not transfer artifact antlr:antlr:jar:javadoc:2.7.7 from/to central (https://repo.maven.apache.org/maven2): repo.maven.apache.org
	at io.takari.aether.connector.AetherRepositoryConnector$2.wrap(AetherRepositoryConnector.java:889)
	at io.takari.aether.connector.AetherRepositoryConnector$2.wrap(AetherRepositoryConnector.java:1)
	at io.takari.aether.connector.AetherRepositoryConnector$GetTask.flush(AetherRepositoryConnector.java:659)
	at io.takari.aether.connector.AetherRepositoryConnector.get(AetherRepositoryConnector.java:337)
	at org.eclipse.aether.internal.impl.DefaultArtifactResolver.performDownloads(DefaultArtifactResolver.java:514)
	at org.eclipse.aether.internal.impl.DefaultArtifactResolver.resolve(DefaultArtifactResolver.java:402)
	at org.eclipse.aether.internal.impl.DefaultArtifactResolver.resolveArtifacts(DefaultArtifactResolver.java:229)
	at org.eclipse.aether.internal.impl.DefaultArtifactResolver.resolveArtifact(DefaultArtifactResolver.java:207)
	at org.eclipse.aether.internal.impl.DefaultRepositorySystem.resolveArtifact(DefaultRepositorySystem.java:262)
	at org.eclipse.m2e.core.internal.embedder.MavenImpl.lambda$6(MavenImpl.java:586)
	at org.eclipse.m2e.core.internal.embedder.MavenExecutionContext.executeBare(MavenExecutionContext.java:350)
	at org.eclipse.m2e.core.internal.embedder.MavenExecutionContext.execute(MavenExecutionContext.java:219)
	at org.eclipse.m2e.core.internal.embedder.MavenExecutionContext.execute(MavenExecutionContext.java:205)
	at org.eclipse.m2e.core.internal.embedder.MavenImpl.resolve(MavenImpl.java:577)
	at org.eclipse.m2e.core.internal.embedder.MavenImpl.resolve(MavenImpl.java:562)
	at org.eclipse.m2e.jdt.internal.DownloadSourcesJob.download(DownloadSourcesJob.java:308)
	at org.eclipse.m2e.jdt.internal.DownloadSourcesJob.downloadAttachments(DownloadSourcesJob.java:294)
	at org.eclipse.m2e.jdt.internal.DownloadSourcesJob.downloadMaven(DownloadSourcesJob.java:252)
	at org.eclipse.m2e.jdt.internal.DownloadSourcesJob.downloadFilesAndPopulateToUpdate(DownloadSourcesJob.java:220)
	at org.eclipse.m2e.jdt.internal.DownloadSourcesJob.lambda$0(DownloadSourcesJob.java:149)
	at org.eclipse.m2e.core.internal.embedder.MavenExecutionContext.executeBare(MavenExecutionContext.java:350)
	at org.eclipse.m2e.core.internal.embedder.MavenExecutionContext.execute(MavenExecutionContext.java:262)
	at org.eclipse.m2e.core.internal.embedder.MavenExecutionContext.execute(MavenExecutionContext.java:205)
	at org.eclipse.m2e.core.embedder.IMaven.execute(IMaven.java:270)
	at org.eclipse.m2e.jdt.internal.DownloadSourcesJob.run(DownloadSourcesJob.java:149)
	at org.eclipse.core.internal.jobs.Worker.run(Worker.java:63)
Caused by: java.net.UnknownHostException: repo.maven.apache.org
	at java.base/java.net.InetAddress$CachedAddresses.get(InetAddress.java:801)
	at java.base/java.net.InetAddress.getAllByName0(InetAddress.java:1519)
	at java.base/java.net.InetAddress.getAllByName(InetAddress.java:1377)
	at java.base/java.net.InetAddress.getAllByName(InetAddress.java:1305)
	at okhttp3.Dns.lambda$static$0(Dns.java:39)
	at okhttp3.internal.connection.RouteSelector.resetNextInetSocketAddress(RouteSelector.java:171)
	at okhttp3.internal.connection.RouteSelector.nextProxy(RouteSelector.java:135)
	at okhttp3.internal.connection.RouteSelector.next(RouteSelector.java:84)
	at okhttp3.internal.connection.ExchangeFinder.findConnection(ExchangeFinder.java:187)
	at okhttp3.internal.connection.ExchangeFinder.findHealthyConnection(ExchangeFinder.java:107)
	at okhttp3.internal.connection.ExchangeFinder.find(ExchangeFinder.java:87)
	at okhttp3.internal.connection.Transmitter.newExchange(Transmitter.java:169)
	at okhttp3.internal.connection.ConnectInterceptor.intercept(ConnectInterceptor.java:41)
	at okhttp3.internal.http.RealInterceptorChain.proceed(RealInterceptorChain.java:142)
	at okhttp3.internal.http.RealInterceptorChain.proceed(RealInterceptorChain.java:117)
	at okhttp3.internal.cache.CacheInterceptor.intercept(CacheInterceptor.java:94)
	at okhttp3.internal.http.RealInterceptorChain.proceed(RealInterceptorChain.java:142)
	at okhttp3.internal.http.RealInterceptorChain.proceed(RealInterceptorChain.java:117)
	at okhttp3.internal.http.BridgeInterceptor.intercept(BridgeInterceptor.java:93)
	at okhttp3.internal.http.RealInterceptorChain.proceed(RealInterceptorChain.java:142)
	at okhttp3.internal.http.RetryAndFollowUpInterceptor.intercept(RetryAndFollowUpInterceptor.java:88)
	at okhttp3.internal.http.RealInterceptorChain.proceed(RealInterceptorChain.java:142)
	at okhttp3.internal.http.RealInterceptorChain.proceed(RealInterceptorChain.java:117)
	at okhttp3.RealCall.getResponseWithInterceptorChain(RealCall.java:221)
	at okhttp3.RealCall.execute(RealCall.java:81)
	at io.takari.aether.okhttp.OkHttpAetherClient.execute(OkHttpAetherClient.java:215)
	at io.takari.aether.okhttp.OkHttpAetherClient.get(OkHttpAetherClient.java:161)
	at io.takari.aether.connector.AetherRepositoryConnector$GetTask.getResponse(AetherRepositoryConnector.java:655)
	at io.takari.aether.connector.AetherRepositoryConnector$GetTask.resumableGet(AetherRepositoryConnector.java:600)
	at io.takari.aether.connector.AetherRepositoryConnector$GetTask.run(AetherRepositoryConnector.java:481)
	at io.takari.aether.connector.AetherRepositoryConnector$DirectExecutor.execute(AetherRepositoryConnector.java:915)
	at io.takari.aether.connector.AetherRepositoryConnector.get(AetherRepositoryConnector.java:331)
	... 22 more
!SUBENTRY 1 org.eclipse.m2e.core 4 -1 2023-03-02 19:52:56.054
!MESSAGE Could not resolve artifact antlr:antlr:jar:javadoc:2.7.7
!SUBENTRY 2 org.eclipse.m2e.core 4 0 2023-03-02 19:52:56.054
!MESSAGE Could not transfer artifact antlr:antlr:jar:javadoc:2.7.7 from/to central (https://repo.maven.apache.org/maven2): repo.maven.apache.org
!STACK 0
org.eclipse.aether.transfer.ArtifactTransferException: Could not transfer artifact antlr:antlr:jar:javadoc:2.7.7 from/to central (https://repo.maven.apache.org/maven2): repo.maven.apache.org
	at io.takari.aether.connector.AetherRepositoryConnector$2.wrap(AetherRepositoryConnector.java:889)
	at io.takari.aether.connector.AetherRepositoryConnector$2.wrap(AetherRepositoryConnector.java:1)
	at io.takari.aether.connector.AetherRepositoryConnector$GetTask.flush(AetherRepositoryConnector.java:659)
	at io.takari.aether.connector.AetherRepositoryConnector.get(AetherRepositoryConnector.java:337)
	at org.eclipse.aether.internal.impl.DefaultArtifactResolver.performDownloads(DefaultArtifactResolver.java:514)
	at org.eclipse.aether.internal.impl.DefaultArtifactResolver.resolve(DefaultArtifactResolver.java:402)
	at org.eclipse.aether.internal.impl.DefaultArtifactResolver.resolveArtifacts(DefaultArtifactResolver.java:229)
	at org.eclipse.aether.internal.impl.DefaultArtifactResolver.resolveArtifact(DefaultArtifactResolver.java:207)
	at org.eclipse.aether.internal.impl.DefaultRepositorySystem.resolveArtifact(DefaultRepositorySystem.java:262)
	at org.eclipse.m2e.core.internal.embedder.MavenImpl.lambda$6(MavenImpl.java:586)
	at org.eclipse.m2e.core.internal.embedder.MavenExecutionContext.executeBare(MavenExecutionContext.java:350)
	at org.eclipse.m2e.core.internal.embedder.MavenExecutionContext.execute(MavenExecutionContext.java:219)
	at org.eclipse.m2e.core.internal.embedder.MavenExecutionContext.execute(MavenExecutionContext.java:205)
	at org.eclipse.m2e.core.internal.embedder.MavenImpl.resolve(MavenImpl.java:577)
	at org.eclipse.m2e.core.internal.embedder.MavenImpl.resolve(MavenImpl.java:562)
	at org.eclipse.m2e.jdt.internal.DownloadSourcesJob.download(DownloadSourcesJob.java:308)
	at org.eclipse.m2e.jdt.internal.DownloadSourcesJob.downloadAttachments(DownloadSourcesJob.java:294)
	at org.eclipse.m2e.jdt.internal.DownloadSourcesJob.downloadMaven(DownloadSourcesJob.java:252)
	at org.eclipse.m2e.jdt.internal.DownloadSourcesJob.downloadFilesAndPopulateToUpdate(DownloadSourcesJob.java:220)
	at org.eclipse.m2e.jdt.internal.DownloadSourcesJob.lambda$0(DownloadSourcesJob.java:149)
	at org.eclipse.m2e.core.internal.embedder.MavenExecutionContext.executeBare(MavenExecutionContext.java:350)
	at org.eclipse.m2e.core.internal.embedder.MavenExecutionContext.execute(MavenExecutionContext.java:262)
	at org.eclipse.m2e.core.internal.embedder.MavenExecutionContext.execute(MavenExecutionContext.java:205)
	at org.eclipse.m2e.core.embedder.IMaven.execute(IMaven.java:270)
	at org.eclipse.m2e.jdt.internal.DownloadSourcesJob.run(DownloadSourcesJob.java:149)
	at org.eclipse.core.internal.jobs.Worker.run(Worker.java:63)
Caused by: java.net.UnknownHostException: repo.maven.apache.org
	at java.base/java.net.InetAddress$CachedAddresses.get(InetAddress.java:801)
	at java.base/java.net.InetAddress.getAllByName0(InetAddress.java:1519)
	at java.base/java.net.InetAddress.getAllByName(InetAddress.java:1377)
	at java.base/java.net.InetAddress.getAllByName(InetAddress.java:1305)
	at okhttp3.Dns.lambda$static$0(Dns.java:39)
	at okhttp3.internal.connection.RouteSelector.resetNextInetSocketAddress(RouteSelector.java:171)
	at okhttp3.internal.connection.RouteSelector.nextProxy(RouteSelector.java:135)
	at okhttp3.internal.connection.RouteSelector.next(RouteSelector.java:84)
	at okhttp3.internal.connection.ExchangeFinder.findConnection(ExchangeFinder.java:187)
	at okhttp3.internal.connection.ExchangeFinder.findHealthyConnection(ExchangeFinder.java:107)
	at okhttp3.internal.connection.ExchangeFinder.find(ExchangeFinder.java:87)
	at okhttp3.internal.connection.Transmitter.newExchange(Transmitter.java:169)
	at okhttp3.internal.connection.ConnectInterceptor.intercept(ConnectInterceptor.java:41)
	at okhttp3.internal.http.RealInterceptorChain.proceed(RealInterceptorChain.java:142)
	at okhttp3.internal.http.RealInterceptorChain.proceed(RealInterceptorChain.java:117)
	at okhttp3.internal.cache.CacheInterceptor.intercept(CacheInterceptor.java:94)
	at okhttp3.internal.http.RealInterceptorChain.proceed(RealInterceptorChain.java:142)
	at okhttp3.internal.http.RealInterceptorChain.proceed(RealInterceptorChain.java:117)
	at okhttp3.internal.http.BridgeInterceptor.intercept(BridgeInterceptor.java:93)
	at okhttp3.internal.http.RealInterceptorChain.proceed(RealInterceptorChain.java:142)
	at okhttp3.internal.http.RetryAndFollowUpInterceptor.intercept(RetryAndFollowUpInterceptor.java:88)
	at okhttp3.internal.http.RealInterceptorChain.proceed(RealInterceptorChain.java:142)
	at okhttp3.internal.http.RealInterceptorChain.proceed(RealInterceptorChain.java:117)
	at okhttp3.RealCall.getResponseWithInterceptorChain(RealCall.java:221)
	at okhttp3.RealCall.execute(RealCall.java:81)
	at io.takari.aether.okhttp.OkHttpAetherClient.execute(OkHttpAetherClient.java:215)
	at io.takari.aether.okhttp.OkHttpAetherClient.get(OkHttpAetherClient.java:161)
	at io.takari.aether.connector.AetherRepositoryConnector$GetTask.getResponse(AetherRepositoryConnector.java:655)
	at io.takari.aether.connector.AetherRepositoryConnector$GetTask.resumableGet(AetherRepositoryConnector.java:600)
	at io.takari.aether.connector.AetherRepositoryConnector$GetTask.run(AetherRepositoryConnector.java:481)
	at io.takari.aether.connector.AetherRepositoryConnector$DirectExecutor.execute(AetherRepositoryConnector.java:915)
	at io.takari.aether.connector.AetherRepositoryConnector.get(AetherRepositoryConnector.java:331)
	... 22 more

!ENTRY org.eclipse.lsp4e 4 0 2023-03-02 20:08:00.646
!MESSAGE org.eclipse.lsp4j.jsonrpc.JsonRpcException: java.io.IOException: The pipe is being closed
!STACK 0
java.util.concurrent.ExecutionException: org.eclipse.lsp4j.jsonrpc.JsonRpcException: java.io.IOException: The pipe is being closed
	at java.base/java.util.concurrent.CompletableFuture.reportGet(CompletableFuture.java:396)
	at java.base/java.util.concurrent.CompletableFuture.get(CompletableFuture.java:2096)
	at org.eclipse.lsp4e.LanguageServerWrapper.lambda$13(LanguageServerWrapper.java:497)
	at java.base/java.util.concurrent.CompletableFuture$AsyncRun.run(CompletableFuture.java:1804)
	at java.base/java.util.concurrent.CompletableFuture$AsyncRun.exec(CompletableFuture.java:1796)
	at java.base/java.util.concurrent.ForkJoinTask.doExec(ForkJoinTask.java:373)
	at java.base/java.util.concurrent.ForkJoinPool$WorkQueue.topLevelExec(ForkJoinPool.java:1182)
	at java.base/java.util.concurrent.ForkJoinPool.scan(ForkJoinPool.java:1655)
	at java.base/java.util.concurrent.ForkJoinPool.runWorker(ForkJoinPool.java:1622)
	at java.base/java.util.concurrent.ForkJoinWorkerThread.run(ForkJoinWorkerThread.java:165)
Caused by: org.eclipse.lsp4j.jsonrpc.JsonRpcException: java.io.IOException: The pipe is being closed
	at org.eclipse.lsp4j.jsonrpc.json.StreamMessageConsumer.consume(StreamMessageConsumer.java:72)
	at org.eclipse.lsp4e.LanguageServerWrapper.lambda$3(LanguageServerWrapper.java:265)
	at org.eclipse.lsp4j.jsonrpc.RemoteEndpoint.request(RemoteEndpoint.java:161)
	at org.eclipse.lsp4j.jsonrpc.services.EndpointProxy.invoke(EndpointProxy.java:91)
	at jdk.proxy15/jdk.proxy15.$Proxy51.shutdown(Unknown Source)
	at org.eclipse.lsp4e.LanguageServerWrapper.lambda$13(LanguageServerWrapper.java:495)
	... 7 more
Caused by: java.io.IOException: The pipe is being closed
	at java.base/java.io.FileOutputStream.writeBytes(Native Method)
	at java.base/java.io.FileOutputStream.write(FileOutputStream.java:349)
	at java.base/java.io.BufferedOutputStream.flushBuffer(BufferedOutputStream.java:81)
	at java.base/java.io.BufferedOutputStream.flush(BufferedOutputStream.java:142)
	at org.eclipse.lsp4j.jsonrpc.json.StreamMessageConsumer.consume(StreamMessageConsumer.java:69)
	... 12 more

!ENTRY org.eclipse.ui 4 0 2023-03-02 20:08:00.791
!MESSAGE Unhandled event loop exception
!STACK 0
java.lang.NullPointerException: Cannot invoke "org.springsource.ide.eclipse.commons.ui.launch.LaunchList.getLast()" because "this.launches" is null
	at org.springsource.ide.eclipse.commons.ui.launch.AbstractLaunchToolbarPulldown.update(AbstractLaunchToolbarPulldown.java:112)
	at org.springsource.ide.eclipse.commons.ui.launch.AbstractLaunchToolbarPulldown.access$4(AbstractLaunchToolbarPulldown.java:110)
	at org.springsource.ide.eclipse.commons.ui.launch.AbstractLaunchToolbarPulldown$3.run(AbstractLaunchToolbarPulldown.java:134)
	at org.eclipse.swt.widgets.RunnableLock.run(RunnableLock.java:40)
	at org.eclipse.swt.widgets.Synchronizer.runAsyncMessages(Synchronizer.java:132)
	at org.eclipse.swt.widgets.Display.runAsyncMessages(Display.java:4043)
	at org.eclipse.swt.widgets.Display.readAndDispatch(Display.java:3648)
	at org.eclipse.swt.widgets.Display.release(Display.java:3723)
	at org.eclipse.swt.graphics.Device.dispose(Device.java:324)
	at org.eclipse.swt.widgets.Display.messageProc(Display.java:3250)
	at org.eclipse.swt.internal.win32.OS.DefWindowProc(Native Method)
	at org.eclipse.swt.widgets.Display.messageProc(Display.java:3312)
	at org.eclipse.swt.internal.win32.OS.ShowWindow(Native Method)
	at org.eclipse.swt.widgets.Decorations.setVisible(Decorations.java:1265)
	at org.eclipse.swt.widgets.Shell.setVisible(Shell.java:2062)
	at org.eclipse.swt.widgets.Shell.open(Shell.java:1293)
	at org.eclipse.jface.window.Window.open(Window.java:795)
	at org.eclipse.jface.dialogs.ProgressMonitorDialog.open(ProgressMonitorDialog.java:633)
	at org.eclipse.jface.dialogs.ProgressMonitorDialog.aboutToRun(ProgressMonitorDialog.java:542)
	at org.eclipse.jface.dialogs.ProgressMonitorDialog.run(ProgressMonitorDialog.java:467)
	at org.eclipse.ui.internal.progress.ProgressMonitorJobsDialog.run(ProgressMonitorJobsDialog.java:230)
	at org.eclipse.ui.internal.ide.application.IDEWorkbenchAdvisor.disconnectFromWorkspace(IDEWorkbenchAdvisor.java:560)
	at org.eclipse.ui.internal.ide.application.IDEWorkbenchAdvisor$2.run(IDEWorkbenchAdvisor.java:367)
	at org.eclipse.ui.internal.ide.application.IDEWorkbenchAdvisor.postShutdown(IDEWorkbenchAdvisor.java:388)
	at org.eclipse.ui.internal.Workbench.shutdown(Workbench.java:2931)
	at org.eclipse.ui.internal.Workbench.busyClose(Workbench.java:1123)
	at org.eclipse.ui.internal.Workbench.lambda$4(Workbench.java:1391)
	at org.eclipse.swt.custom.BusyIndicator.showWhile(BusyIndicator.java:74)
	at org.eclipse.ui.internal.Workbench.close(Workbench.java:1391)
	at org.eclipse.ui.internal.Workbench.close(Workbench.java:1367)
	at org.eclipse.ui.internal.Workbench.lambda$16(Workbench.java:2733)
	at org.eclipse.swt.widgets.EventTable.sendEvent(EventTable.java:89)
	at org.eclipse.swt.widgets.Display.sendEvent(Display.java:4251)
	at org.eclipse.swt.widgets.Display.sendEvent(Display.java:4243)
	at org.eclipse.swt.widgets.Display.messageProc(Display.java:3256)
	at org.eclipse.swt.internal.win32.OS.DefWindowProc(Native Method)
	at org.eclipse.swt.widgets.Shell.callWindowProc(Shell.java:508)
	at org.eclipse.swt.widgets.Control.windowProc(Control.java:4846)
	at org.eclipse.swt.widgets.Canvas.windowProc(Canvas.java:340)
	at org.eclipse.swt.widgets.Decorations.windowProc(Decorations.java:1478)
	at org.eclipse.swt.widgets.Shell.windowProc(Shell.java:2284)
	at org.eclipse.swt.widgets.Display.windowProc(Display.java:5036)
	at org.eclipse.swt.internal.win32.OS.PeekMessage(Native Method)
	at org.eclipse.swt.widgets.Display.readAndDispatch(Display.java:3640)
	at org.eclipse.e4.ui.internal.workbench.swt.PartRenderingEngine$5.run(PartRenderingEngine.java:1155)
	at org.eclipse.core.databinding.observable.Realm.runWithDefault(Realm.java:338)
	at org.eclipse.e4.ui.internal.workbench.swt.PartRenderingEngine.run(PartRenderingEngine.java:1046)
	at org.eclipse.e4.ui.internal.workbench.E4Workbench.createAndRunUI(E4Workbench.java:155)
	at org.eclipse.ui.internal.Workbench.lambda$3(Workbench.java:643)
	at org.eclipse.core.databinding.observable.Realm.runWithDefault(Realm.java:338)
	at org.eclipse.ui.internal.Workbench.createAndRunWorkbench(Workbench.java:550)
	at org.eclipse.ui.PlatformUI.createAndRunWorkbench(PlatformUI.java:171)
	at org.eclipse.ui.internal.ide.application.IDEApplication.start(IDEApplication.java:152)
	at org.eclipse.equinox.internal.app.EclipseAppHandle.run(EclipseAppHandle.java:203)
	at org.eclipse.core.runtime.internal.adaptor.EclipseAppLauncher.runApplication(EclipseAppLauncher.java:136)
	at org.eclipse.core.runtime.internal.adaptor.EclipseAppLauncher.start(EclipseAppLauncher.java:104)
	at org.eclipse.core.runtime.adaptor.EclipseStarter.run(EclipseStarter.java:402)
	at org.eclipse.core.runtime.adaptor.EclipseStarter.run(EclipseStarter.java:255)
	at java.base/jdk.internal.reflect.NativeMethodAccessorImpl.invoke0(Native Method)
	at java.base/jdk.internal.reflect.NativeMethodAccessorImpl.invoke(NativeMethodAccessorImpl.java:77)
	at java.base/jdk.internal.reflect.DelegatingMethodAccessorImpl.invoke(DelegatingMethodAccessorImpl.java:43)
	at java.base/java.lang.reflect.Method.invoke(Method.java:568)
	at org.eclipse.equinox.launcher.Main.invokeFramework(Main.java:659)
	at org.eclipse.equinox.launcher.Main.basicRun(Main.java:596)
	at org.eclipse.equinox.launcher.Main.run(Main.java:1467)
!SESSION 2023-03-06 18:33:11.684 -----------------------------------------------
eclipse.buildId=4.16.1.202210240748
java.version=17.0.4.1
java.vendor=Eclipse Adoptium
BootLoader constants: OS=win32, ARCH=x86_64, WS=win32, NL=en_US
Framework arguments:  -product org.springframework.boot.ide.branding.sts4
Command-line arguments:  -os win32 -ws win32 -arch x86_64 -product org.springframework.boot.ide.branding.sts4

!ENTRY org.eclipse.core.resources 2 10035 2023-03-06 18:33:13.841
!MESSAGE The workspace exited with unsaved changes in the previous session; refreshing workspace to recover changes.

!ENTRY org.eclipse.jface 2 0 2023-03-06 18:33:17.023
!MESSAGE Keybinding conflicts occurred.  They may interfere with normal accelerator operation.
!SUBENTRY 1 org.eclipse.jface 2 0 2023-03-06 18:33:17.024
!MESSAGE A conflict occurred for CTRL+SHIFT+T:
Binding(CTRL+SHIFT+T,
	ParameterizedCommand(Command(org.eclipse.jdt.ui.navigate.open.type,Open Type,
		Open a type in a Java editor,
		Category(org.eclipse.ui.category.navigate,Navigate,null,true),
		WorkbenchHandlerServiceHandler("org.eclipse.jdt.ui.navigate.open.type"),
		,,true),null),
	org.eclipse.ui.defaultAcceleratorConfiguration,
	org.eclipse.ui.contexts.window,,,system)
Binding(CTRL+SHIFT+T,
	ParameterizedCommand(Command(org.eclipse.lsp4e.symbolinworkspace,Go to Symbol in Workspace,
		,
		Category(org.eclipse.lsp4e.category,Language Servers,null,true),
		WorkbenchHandlerServiceHandler("org.eclipse.lsp4e.symbolinworkspace"),
		,,true),null),
	org.eclipse.ui.defaultAcceleratorConfiguration,
	org.eclipse.ui.contexts.window,,,system)
!SUBENTRY 1 org.eclipse.jface 2 0 2023-03-06 18:33:17.024
!MESSAGE A conflict occurred for ALT+SHIFT+R:
Binding(ALT+SHIFT+R,
	ParameterizedCommand(Command(org.eclipse.jdt.ui.edit.text.java.rename.element,Rename - Refactoring ,
		Rename the selected element,
		Category(org.eclipse.jdt.ui.category.refactoring,Refactor - Java,Java Refactoring Actions,true),
		WorkbenchHandlerServiceHandler("org.eclipse.jdt.ui.edit.text.java.rename.element"),
		,,true),null),
	org.eclipse.ui.defaultAcceleratorConfiguration,
	org.eclipse.ui.contexts.window,,,system)
Binding(ALT+SHIFT+R,
	ParameterizedCommand(Command(org.eclipse.ui.edit.rename,Rename,
		Rename the selected item,
		Category(org.eclipse.ui.category.file,File,null,true),
		WorkbenchHandlerServiceHandler("org.eclipse.ui.edit.rename"),
		,,true),null),
	org.eclipse.ui.defaultAcceleratorConfiguration,
	org.eclipse.ui.contexts.window,,,system)

!ENTRY org.eclipse.egit.ui 2 0 2023-03-06 18:33:23.114
!MESSAGE Warning: The environment variable HOME is not set. The following directory will be used to store the Git
user global configuration and to define the default location to store repositories: 'C:\Users\rubyr'. If this is
not correct please set the HOME environment variable and restart Eclipse. Otherwise Git for Windows and
EGit might behave differently since they see different configuration options.
This warning can be switched off on the Team > Git > Confirmations and Warnings preference page.
